{"/run/media/caedes/08b909b4-52c4-4c99-acd1-0e6e6a3ce2c0/local_code/hackathon/backend/apps/api/src/api.controller.ts": {"path":"/run/media/caedes/08b909b4-52c4-4c99-acd1-0e6e6a3ce2c0/local_code/hackathon/backend/apps/api/src/api.controller.ts","statementMap":{"0":{"start":{"line":1,"column":0},"end":{"line":1,"column":49}},"1":{"start":{"line":2,"column":0},"end":{"line":2,"column":43}},"2":{"start":{"line":5,"column":7},"end":{"line":12,"column":null}},"3":{"start":{"line":6,"column":31},"end":{"line":6,"column":43}},"4":{"start":{"line":10,"column":4},"end":{"line":10,"column":38}},"5":{"start":{"line":5,"column":13},"end":{"line":5,"column":26}},"6":{"start":{"line":9,"column":2},"end":{"line":11,"column":null}},"7":{"start":{"line":5,"column":13},"end":{"line":12,"column":null}}},"fnMap":{"0":{"name":"(anonymous_2)","decl":{"start":{"line":6,"column":2},"end":{"line":6,"column":31}},"loc":{"start":{"line":6,"column":53},"end":{"line":6,"column":57}}},"1":{"name":"(anonymous_3)","decl":{"start":{"line":9,"column":2},"end":{"line":9,"column":10}},"loc":{"start":{"line":9,"column":10},"end":{"line":11,"column":3}}}},"branchMap":{"0":{"loc":{"start":{"line":6,"column":43},"end":{"line":6,"column":56}},"type":"cond-expr","locations":[{"start":{"line":6,"column":53},"end":{"line":6,"column":56}},{"start":{"line":6,"column":53},"end":{"line":6,"column":56}}]},"1":{"loc":{"start":{"line":6,"column":43},"end":{"line":6,"column":53}},"type":"binary-expr","locations":[{"start":{"line":6,"column":43},"end":{"line":6,"column":56}},{"start":{"line":6,"column":43},"end":{"line":6,"column":53}}]}},"s":{"0":1,"1":1,"2":1,"3":1,"4":1,"5":1,"6":1,"7":1},"f":{"0":1,"1":1},"b":{"0":[1,0],"1":[1,1]}}
,"/run/media/caedes/08b909b4-52c4-4c99-acd1-0e6e6a3ce2c0/local_code/hackathon/backend/apps/api/src/api.module.ts": {"path":"/run/media/caedes/08b909b4-52c4-4c99-acd1-0e6e6a3ce2c0/local_code/hackathon/backend/apps/api/src/api.module.ts","statementMap":{"0":{"start":{"line":1,"column":0},"end":{"line":1,"column":40}},"1":{"start":{"line":2,"column":0},"end":{"line":2,"column":46}},"2":{"start":{"line":3,"column":0},"end":{"line":3,"column":47}},"3":{"start":{"line":4,"column":0},"end":{"line":4,"column":49}},"4":{"start":{"line":5,"column":0},"end":{"line":5,"column":43}},"5":{"start":{"line":6,"column":0},"end":{"line":6,"column":56}},"6":{"start":{"line":7,"column":0},"end":{"line":7,"column":50}},"7":{"start":{"line":8,"column":0},"end":{"line":8,"column":62}},"8":{"start":{"line":9,"column":0},"end":{"line":9,"column":56}},"9":{"start":{"line":10,"column":0},"end":{"line":10,"column":59}},"10":{"start":{"line":11,"column":0},"end":{"line":11,"column":53}},"11":{"start":{"line":12,"column":0},"end":{"line":12,"column":60}},"12":{"start":{"line":13,"column":0},"end":{"line":13,"column":60}},"13":{"start":{"line":35,"column":7},"end":{"line":35,"column":null}},"14":{"start":{"line":35,"column":13},"end":{"line":35,"column":22}},"15":{"start":{"line":35,"column":13},"end":{"line":35,"column":null}}},"fnMap":{},"branchMap":{},"s":{"0":0,"1":0,"2":0,"3":0,"4":0,"5":0,"6":0,"7":0,"8":0,"9":0,"10":0,"11":0,"12":0,"13":0,"14":0,"15":0},"f":{},"b":{}}
,"/run/media/caedes/08b909b4-52c4-4c99-acd1-0e6e6a3ce2c0/local_code/hackathon/backend/apps/api/src/api.service.ts": {"path":"/run/media/caedes/08b909b4-52c4-4c99-acd1-0e6e6a3ce2c0/local_code/hackathon/backend/apps/api/src/api.service.ts","statementMap":{"0":{"start":{"line":1,"column":0},"end":{"line":1,"column":44}},"1":{"start":{"line":4,"column":7},"end":{"line":8,"column":null}},"2":{"start":{"line":6,"column":4},"end":{"line":6,"column":26}},"3":{"start":{"line":4,"column":13},"end":{"line":4,"column":23}},"4":{"start":{"line":4,"column":13},"end":{"line":8,"column":null}}},"fnMap":{"0":{"name":"(anonymous_1)","decl":{"start":{"line":5,"column":2},"end":{"line":5,"column":10}},"loc":{"start":{"line":5,"column":10},"end":{"line":7,"column":3}}}},"branchMap":{},"s":{"0":1,"1":1,"2":1,"3":1,"4":1},"f":{"0":1},"b":{}}
,"/run/media/caedes/08b909b4-52c4-4c99-acd1-0e6e6a3ce2c0/local_code/hackathon/backend/apps/api/src/main.ts": {"path":"/run/media/caedes/08b909b4-52c4-4c99-acd1-0e6e6a3ce2c0/local_code/hackathon/backend/apps/api/src/main.ts","statementMap":{"0":{"start":{"line":1,"column":0},"end":{"line":1,"column":43}},"1":{"start":{"line":2,"column":0},"end":{"line":2,"column":41}},"2":{"start":{"line":4,"column":0},"end":{"line":4,"column":28}},"3":{"start":{"line":5,"column":0},"end":{"line":5,"column":35}},"4":{"start":{"line":6,"column":0},"end":{"line":6,"column":65}},"5":{"start":{"line":9,"column":14},"end":{"line":9,"column":73}},"6":{"start":{"line":11,"column":2},"end":{"line":21,"column":5}},"7":{"start":{"line":14,"column":6},"end":{"line":18,"column":7}},"8":{"start":{"line":15,"column":8},"end":{"line":15,"column":29}},"9":{"start":{"line":17,"column":8},"end":{"line":17,"column":51}},"10":{"start":{"line":24,"column":2},"end":{"line":26,"column":5}},"11":{"start":{"line":29,"column":2},"end":{"line":29,"column":43}},"12":{"start":{"line":30,"column":2},"end":{"line":30,"column":65}},"13":{"start":{"line":33,"column":17},"end":{"line":37,"column":12}},"14":{"start":{"line":38,"column":19},"end":{"line":38,"column":60}},"15":{"start":{"line":39,"column":2},"end":{"line":39,"column":45}},"16":{"start":{"line":41,"column":15},"end":{"line":41,"column":39}},"17":{"start":{"line":42,"column":2},"end":{"line":42,"column":25}},"18":{"start":{"line":43,"column":2},"end":{"line":43,"column":61}},"19":{"start":{"line":44,"column":2},"end":{"line":44,"column":65}},"20":{"start":{"line":46,"column":0},"end":{"line":46,"column":12}}},"fnMap":{"0":{"name":"bootstrap","decl":{"start":{"line":8,"column":15},"end":{"line":8,"column":24}},"loc":{"start":{"line":8,"column":24},"end":{"line":45,"column":1}}},"1":{"name":"(anonymous_10)","decl":{"start":{"line":12,"column":12},"end":{"line":12,"column":13}},"loc":{"start":{"line":12,"column":33},"end":{"line":19,"column":5}}}},"branchMap":{"0":{"loc":{"start":{"line":14,"column":6},"end":{"line":18,"column":7}},"type":"if","locations":[{"start":{"line":14,"column":6},"end":{"line":18,"column":7}},{"start":{"line":16,"column":13},"end":{"line":18,"column":7}}]},"1":{"loc":{"start":{"line":14,"column":10},"end":{"line":14,"column":89}},"type":"binary-expr","locations":[{"start":{"line":14,"column":10},"end":{"line":14,"column":17}},{"start":{"line":14,"column":21},"end":{"line":14,"column":49}},{"start":{"line":14,"column":53},"end":{"line":14,"column":89}}]},"2":{"loc":{"start":{"line":41,"column":15},"end":{"line":41,"column":39}},"type":"binary-expr","locations":[{"start":{"line":41,"column":15},"end":{"line":41,"column":31}},{"start":{"line":41,"column":35},"end":{"line":41,"column":39}}]}},"s":{"0":0,"1":0,"2":0,"3":0,"4":0,"5":0,"6":0,"7":0,"8":0,"9":0,"10":0,"11":0,"12":0,"13":0,"14":0,"15":0,"16":0,"17":0,"18":0,"19":0,"20":0},"f":{"0":0,"1":0},"b":{"0":[0,0],"1":[0,0,0],"2":[0,0]}}
,"/run/media/caedes/08b909b4-52c4-4c99-acd1-0e6e6a3ce2c0/local_code/hackathon/backend/apps/api/src/auth/auth.controller.ts": {"path":"/run/media/caedes/08b909b4-52c4-4c99-acd1-0e6e6a3ce2c0/local_code/hackathon/backend/apps/api/src/auth/auth.controller.ts","statementMap":{"0":{"start":{"line":1,"column":0},"end":{"line":1,"column":68}},"1":{"start":{"line":2,"column":0},"end":{"line":2,"column":79}},"2":{"start":{"line":3,"column":0},"end":{"line":3,"column":45}},"3":{"start":{"line":7,"column":7},"end":{"line":54,"column":null}},"4":{"start":{"line":8,"column":31},"end":{"line":8,"column":44}},"5":{"start":{"line":14,"column":4},"end":{"line":14,"column":46}},"6":{"start":{"line":22,"column":4},"end":{"line":22,"column":59}},"7":{"start":{"line":30,"column":4},"end":{"line":30,"column":50}},"8":{"start":{"line":38,"column":4},"end":{"line":38,"column":44}},"9":{"start":{"line":45,"column":4},"end":{"line":45,"column":37}},"10":{"start":{"line":52,"column":4},"end":{"line":52,"column":57}},"11":{"start":{"line":7,"column":13},"end":{"line":7,"column":27}},"12":{"start":{"line":13,"column":8},"end":{"line":15,"column":null}},"13":{"start":{"line":21,"column":8},"end":{"line":23,"column":null}},"14":{"start":{"line":29,"column":8},"end":{"line":31,"column":null}},"15":{"start":{"line":37,"column":8},"end":{"line":39,"column":null}},"16":{"start":{"line":44,"column":8},"end":{"line":46,"column":null}},"17":{"start":{"line":51,"column":8},"end":{"line":53,"column":null}},"18":{"start":{"line":7,"column":13},"end":{"line":54,"column":null}}},"fnMap":{"0":{"name":"(anonymous_4)","decl":{"start":{"line":8,"column":2},"end":{"line":8,"column":31}},"loc":{"start":{"line":8,"column":55},"end":{"line":8,"column":59}}},"1":{"name":"(anonymous_5)","decl":{"start":{"line":13,"column":8},"end":{"line":13,"column":23}},"loc":{"start":{"line":13,"column":23},"end":{"line":15,"column":3}}},"2":{"name":"(anonymous_6)","decl":{"start":{"line":21,"column":8},"end":{"line":21,"column":34}},"loc":{"start":{"line":21,"column":58},"end":{"line":23,"column":3}}},"3":{"name":"(anonymous_7)","decl":{"start":{"line":29,"column":8},"end":{"line":29,"column":16}},"loc":{"start":{"line":29,"column":41},"end":{"line":31,"column":3}}},"4":{"name":"(anonymous_8)","decl":{"start":{"line":37,"column":8},"end":{"line":37,"column":13}},"loc":{"start":{"line":37,"column":35},"end":{"line":39,"column":3}}},"5":{"name":"(anonymous_9)","decl":{"start":{"line":44,"column":8},"end":{"line":44,"column":14}},"loc":{"start":{"line":44,"column":14},"end":{"line":46,"column":3}}},"6":{"name":"(anonymous_10)","decl":{"start":{"line":51,"column":8},"end":{"line":51,"column":21}},"loc":{"start":{"line":51,"column":69},"end":{"line":53,"column":3}}}},"branchMap":{"0":{"loc":{"start":{"line":8,"column":44},"end":{"line":8,"column":58}},"type":"cond-expr","locations":[{"start":{"line":8,"column":55},"end":{"line":8,"column":58}},{"start":{"line":8,"column":55},"end":{"line":8,"column":58}}]},"1":{"loc":{"start":{"line":8,"column":44},"end":{"line":8,"column":55}},"type":"binary-expr","locations":[{"start":{"line":8,"column":44},"end":{"line":8,"column":58}},{"start":{"line":8,"column":44},"end":{"line":8,"column":55}}]}},"s":{"0":0,"1":0,"2":0,"3":0,"4":0,"5":0,"6":0,"7":0,"8":0,"9":0,"10":0,"11":0,"12":0,"13":0,"14":0,"15":0,"16":0,"17":0,"18":0},"f":{"0":0,"1":0,"2":0,"3":0,"4":0,"5":0,"6":0},"b":{"0":[0,0],"1":[0,0]}}
,"/run/media/caedes/08b909b4-52c4-4c99-acd1-0e6e6a3ce2c0/local_code/hackathon/backend/apps/api/src/auth/auth.service.ts": {"path":"/run/media/caedes/08b909b4-52c4-4c99-acd1-0e6e6a3ce2c0/local_code/hackathon/backend/apps/api/src/auth/auth.service.ts","statementMap":{"0":{"start":{"line":1,"column":0},"end":{"line":1,"column":94}},"1":{"start":{"line":2,"column":0},"end":{"line":2,"column":28}},"2":{"start":{"line":3,"column":0},"end":{"line":3,"column":33}},"3":{"start":{"line":6,"column":7},"end":{"line":99,"column":null}},"4":{"start":{"line":7,"column":58},"end":{"line":7,"column":64}},"5":{"start":{"line":10,"column":4},"end":{"line":10,"column":73}},"6":{"start":{"line":14,"column":4},"end":{"line":14,"column":111}},"7":{"start":{"line":18,"column":78},"end":{"line":18,"column":82}},"8":{"start":{"line":20,"column":25},"end":{"line":23,"column":14}},"9":{"start":{"line":25,"column":4},"end":{"line":27,"column":5}},"10":{"start":{"line":26,"column":6},"end":{"line":26,"column":70}},"11":{"start":{"line":29,"column":27},"end":{"line":29,"column":58}},"12":{"start":{"line":31,"column":19},"end":{"line":40,"column":102}},"13":{"start":{"line":42,"column":4},"end":{"line":42,"column":16}},"14":{"start":{"line":46,"column":42},"end":{"line":46,"column":46}},"15":{"start":{"line":49,"column":23},"end":{"line":49,"column":40}},"16":{"start":{"line":51,"column":4},"end":{"line":53,"column":5}},"17":{"start":{"line":52,"column":6},"end":{"line":52,"column":71}},"18":{"start":{"line":55,"column":17},"end":{"line":58,"column":14}},"19":{"start":{"line":60,"column":4},"end":{"line":62,"column":5}},"20":{"start":{"line":61,"column":6},"end":{"line":61,"column":61}},"21":{"start":{"line":65,"column":4},"end":{"line":75,"column":6}},"22":{"start":{"line":79,"column":76},"end":{"line":79,"column":80}},"23":{"start":{"line":80,"column":28},"end":{"line":80,"column":30}},"24":{"start":{"line":82,"column":4},"end":{"line":82,"column":49}},"25":{"start":{"line":82,"column":18},"end":{"line":82,"column":49}},"26":{"start":{"line":83,"column":4},"end":{"line":83,"column":40}},"27":{"start":{"line":83,"column":15},"end":{"line":83,"column":40}},"28":{"start":{"line":84,"column":4},"end":{"line":84,"column":51}},"29":{"start":{"line":84,"column":14},"end":{"line":84,"column":51}},"30":{"start":{"line":85,"column":4},"end":{"line":85,"column":64}},"31":{"start":{"line":85,"column":23},"end":{"line":85,"column":64}},"32":{"start":{"line":86,"column":4},"end":{"line":86,"column":58}},"33":{"start":{"line":86,"column":21},"end":{"line":86,"column":58}},"34":{"start":{"line":88,"column":4},"end":{"line":90,"column":5}},"35":{"start":{"line":89,"column":6},"end":{"line":89,"column":60}},"36":{"start":{"line":92,"column":26},"end":{"line":95,"column":110}},"37":{"start":{"line":97,"column":4},"end":{"line":97,"column":23}},"38":{"start":{"line":6,"column":13},"end":{"line":6,"column":24}},"39":{"start":{"line":6,"column":13},"end":{"line":99,"column":null}}},"fnMap":{"0":{"name":"(anonymous_13)","decl":{"start":{"line":7,"column":2},"end":{"line":7,"column":15}},"loc":{"start":{"line":7,"column":68},"end":{"line":7,"column":72}}},"1":{"name":"(anonymous_14)","decl":{"start":{"line":9,"column":2},"end":{"line":9,"column":7}},"loc":{"start":{"line":9,"column":23},"end":{"line":11,"column":3}}},"2":{"name":"(anonymous_15)","decl":{"start":{"line":13,"column":2},"end":{"line":13,"column":7}},"loc":{"start":{"line":13,"column":55},"end":{"line":15,"column":3}}},"3":{"name":"(anonymous_16)","decl":{"start":{"line":17,"column":2},"end":{"line":17,"column":7}},"loc":{"start":{"line":17,"column":26},"end":{"line":43,"column":3}}},"4":{"name":"(anonymous_17)","decl":{"start":{"line":45,"column":2},"end":{"line":45,"column":7}},"loc":{"start":{"line":45,"column":23},"end":{"line":76,"column":3}}},"5":{"name":"(anonymous_18)","decl":{"start":{"line":78,"column":2},"end":{"line":78,"column":7}},"loc":{"start":{"line":78,"column":43},"end":{"line":98,"column":3}}}},"branchMap":{"0":{"loc":{"start":{"line":25,"column":4},"end":{"line":27,"column":5}},"type":"if","locations":[{"start":{"line":25,"column":4},"end":{"line":27,"column":5}},{"start":{},"end":{}}]},"1":{"loc":{"start":{"line":49,"column":23},"end":{"line":49,"column":40}},"type":"binary-expr","locations":[{"start":{"line":49,"column":23},"end":{"line":49,"column":28}},{"start":{"line":49,"column":32},"end":{"line":49,"column":40}}]},"2":{"loc":{"start":{"line":51,"column":4},"end":{"line":53,"column":5}},"type":"if","locations":[{"start":{"line":51,"column":4},"end":{"line":53,"column":5}},{"start":{},"end":{}}]},"3":{"loc":{"start":{"line":60,"column":4},"end":{"line":62,"column":5}},"type":"if","locations":[{"start":{"line":60,"column":4},"end":{"line":62,"column":5}},{"start":{},"end":{}}]},"4":{"loc":{"start":{"line":60,"column":8},"end":{"line":60,"column":65}},"type":"binary-expr","locations":[{"start":{"line":60,"column":8},"end":{"line":60,"column":13}},{"start":{"line":60,"column":17},"end":{"line":60,"column":65}}]},"5":{"loc":{"start":{"line":82,"column":4},"end":{"line":82,"column":49}},"type":"if","locations":[{"start":{"line":82,"column":4},"end":{"line":82,"column":49}},{"start":{},"end":{}}]},"6":{"loc":{"start":{"line":83,"column":4},"end":{"line":83,"column":40}},"type":"if","locations":[{"start":{"line":83,"column":4},"end":{"line":83,"column":40}},{"start":{},"end":{}}]},"7":{"loc":{"start":{"line":84,"column":4},"end":{"line":84,"column":51}},"type":"if","locations":[{"start":{"line":84,"column":4},"end":{"line":84,"column":51}},{"start":{},"end":{}}]},"8":{"loc":{"start":{"line":85,"column":4},"end":{"line":85,"column":64}},"type":"if","locations":[{"start":{"line":85,"column":4},"end":{"line":85,"column":64}},{"start":{},"end":{}}]},"9":{"loc":{"start":{"line":86,"column":4},"end":{"line":86,"column":58}},"type":"if","locations":[{"start":{"line":86,"column":4},"end":{"line":86,"column":58}},{"start":{},"end":{}}]},"10":{"loc":{"start":{"line":88,"column":4},"end":{"line":90,"column":5}},"type":"if","locations":[{"start":{"line":88,"column":4},"end":{"line":90,"column":5}},{"start":{},"end":{}}]},"11":{"loc":{"start":{"line":7,"column":64},"end":{"line":7,"column":71}},"type":"cond-expr","locations":[{"start":{"line":7,"column":68},"end":{"line":7,"column":71}},{"start":{"line":7,"column":68},"end":{"line":7,"column":71}}]},"12":{"loc":{"start":{"line":7,"column":64},"end":{"line":7,"column":68}},"type":"binary-expr","locations":[{"start":{"line":7,"column":64},"end":{"line":7,"column":71}},{"start":{"line":7,"column":64},"end":{"line":7,"column":68}}]}},"s":{"0":1,"1":1,"2":1,"3":1,"4":6,"5":0,"6":0,"7":2,"8":2,"9":2,"10":1,"11":1,"12":1,"13":1,"14":0,"15":0,"16":0,"17":0,"18":0,"19":0,"20":0,"21":0,"22":2,"23":2,"24":2,"25":1,"26":2,"27":0,"28":2,"29":0,"30":2,"31":0,"32":2,"33":1,"34":2,"35":0,"36":2,"37":2,"38":1,"39":1},"f":{"0":6,"1":0,"2":0,"3":2,"4":0,"5":2},"b":{"0":[1,1],"1":[0,0],"2":[0,0],"3":[0,0],"4":[0,0],"5":[1,1],"6":[0,2],"7":[0,2],"8":[0,2],"9":[1,1],"10":[0,2],"11":[0,1],"12":[1,0]}}
,"/run/media/caedes/08b909b4-52c4-4c99-acd1-0e6e6a3ce2c0/local_code/hackathon/backend/apps/api/src/calendar/calendar.controller.ts": {"path":"/run/media/caedes/08b909b4-52c4-4c99-acd1-0e6e6a3ce2c0/local_code/hackathon/backend/apps/api/src/calendar/calendar.controller.ts","statementMap":{"0":{"start":{"line":1,"column":0},"end":{"line":1,"column":90}},"1":{"start":{"line":2,"column":0},"end":{"line":2,"column":66}},"2":{"start":{"line":3,"column":0},"end":{"line":3,"column":53}},"3":{"start":{"line":7,"column":7},"end":{"line":48,"column":null}},"4":{"start":{"line":8,"column":31},"end":{"line":8,"column":48}},"5":{"start":{"line":22,"column":4},"end":{"line":22,"column":92}},"6":{"start":{"line":28,"column":4},"end":{"line":28,"column":64}},"7":{"start":{"line":34,"column":4},"end":{"line":34,"column":45}},"8":{"start":{"line":40,"column":4},"end":{"line":40,"column":44}},"9":{"start":{"line":46,"column":4},"end":{"line":46,"column":43}},"10":{"start":{"line":7,"column":13},"end":{"line":7,"column":31}},"11":{"start":{"line":16,"column":8},"end":{"line":23,"column":null}},"12":{"start":{"line":27,"column":8},"end":{"line":29,"column":null}},"13":{"start":{"line":33,"column":8},"end":{"line":35,"column":null}},"14":{"start":{"line":39,"column":8},"end":{"line":41,"column":null}},"15":{"start":{"line":45,"column":8},"end":{"line":47,"column":null}},"16":{"start":{"line":7,"column":13},"end":{"line":48,"column":null}}},"fnMap":{"0":{"name":"(anonymous_4)","decl":{"start":{"line":8,"column":2},"end":{"line":8,"column":31}},"loc":{"start":{"line":8,"column":63},"end":{"line":8,"column":67}}},"1":{"name":"(anonymous_5)","decl":{"start":{"line":16,"column":8},"end":{"line":16,"column":15}},"loc":{"start":{"line":20,"column":40},"end":{"line":23,"column":3}}},"2":{"name":"(anonymous_6)","decl":{"start":{"line":27,"column":8},"end":{"line":27,"column":22}},"loc":{"start":{"line":27,"column":83},"end":{"line":29,"column":3}}},"3":{"name":"(anonymous_7)","decl":{"start":{"line":33,"column":8},"end":{"line":33,"column":14}},"loc":{"start":{"line":33,"column":32},"end":{"line":35,"column":3}}},"4":{"name":"(anonymous_8)","decl":{"start":{"line":39,"column":8},"end":{"line":39,"column":15}},"loc":{"start":{"line":39,"column":39},"end":{"line":41,"column":3}}},"5":{"name":"(anonymous_9)","decl":{"start":{"line":45,"column":8},"end":{"line":45,"column":14}},"loc":{"start":{"line":45,"column":38},"end":{"line":47,"column":3}}}},"branchMap":{"0":{"loc":{"start":{"line":8,"column":48},"end":{"line":8,"column":66}},"type":"cond-expr","locations":[{"start":{"line":8,"column":63},"end":{"line":8,"column":66}},{"start":{"line":8,"column":63},"end":{"line":8,"column":66}}]},"1":{"loc":{"start":{"line":8,"column":48},"end":{"line":8,"column":63}},"type":"binary-expr","locations":[{"start":{"line":8,"column":48},"end":{"line":8,"column":66}},{"start":{"line":8,"column":48},"end":{"line":8,"column":63}}]}},"s":{"0":0,"1":0,"2":0,"3":0,"4":0,"5":0,"6":0,"7":0,"8":0,"9":0,"10":0,"11":0,"12":0,"13":0,"14":0,"15":0,"16":0},"f":{"0":0,"1":0,"2":0,"3":0,"4":0,"5":0},"b":{"0":[0,0],"1":[0,0]}}
,"/run/media/caedes/08b909b4-52c4-4c99-acd1-0e6e6a3ce2c0/local_code/hackathon/backend/apps/api/src/calendar/calendar.module.ts": {"path":"/run/media/caedes/08b909b4-52c4-4c99-acd1-0e6e6a3ce2c0/local_code/hackathon/backend/apps/api/src/calendar/calendar.module.ts","statementMap":{"0":{"start":{"line":1,"column":0},"end":{"line":1,"column":40}},"1":{"start":{"line":2,"column":0},"end":{"line":2,"column":47}},"2":{"start":{"line":3,"column":0},"end":{"line":3,"column":59}},"3":{"start":{"line":4,"column":0},"end":{"line":4,"column":53}},"4":{"start":{"line":11,"column":7},"end":{"line":11,"column":null}},"5":{"start":{"line":11,"column":13},"end":{"line":11,"column":27}},"6":{"start":{"line":11,"column":13},"end":{"line":11,"column":null}}},"fnMap":{},"branchMap":{},"s":{"0":0,"1":0,"2":0,"3":0,"4":0,"5":0,"6":0},"f":{},"b":{}}
,"/run/media/caedes/08b909b4-52c4-4c99-acd1-0e6e6a3ce2c0/local_code/hackathon/backend/apps/api/src/calendar/calendar.service.ts": {"path":"/run/media/caedes/08b909b4-52c4-4c99-acd1-0e6e6a3ce2c0/local_code/hackathon/backend/apps/api/src/calendar/calendar.service.ts","statementMap":{"0":{"start":{"line":1,"column":0},"end":{"line":1,"column":52}},"1":{"start":{"line":2,"column":0},"end":{"line":2,"column":28}},"2":{"start":{"line":5,"column":7},"end":{"line":102,"column":null}},"3":{"start":{"line":6,"column":58},"end":{"line":6,"column":64}},"4":{"start":{"line":9,"column":18},"end":{"line":17,"column":54}},"5":{"start":{"line":19,"column":4},"end":{"line":21,"column":5}},"6":{"start":{"line":20,"column":6},"end":{"line":20,"column":55}},"7":{"start":{"line":23,"column":4},"end":{"line":25,"column":5}},"8":{"start":{"line":24,"column":6},"end":{"line":24,"column":56}},"9":{"start":{"line":27,"column":4},"end":{"line":29,"column":5}},"10":{"start":{"line":28,"column":6},"end":{"line":28,"column":65}},"11":{"start":{"line":31,"column":4},"end":{"line":35,"column":5}},"12":{"start":{"line":32,"column":6},"end":{"line":34,"column":9}},"13":{"start":{"line":33,"column":8},"end":{"line":33,"column":79}},"14":{"start":{"line":37,"column":19},"end":{"line":37,"column":59}},"15":{"start":{"line":40,"column":4},"end":{"line":49,"column":5}},"16":{"start":{"line":41,"column":26},"end":{"line":43,"column":27}},"17":{"start":{"line":44,"column":26},"end":{"line":44,"column":67}},"18":{"start":{"line":44,"column":55},"end":{"line":44,"column":65}},"19":{"start":{"line":45,"column":6},"end":{"line":48,"column":10}},"20":{"start":{"line":45,"column":30},"end":{"line":48,"column":8}},"21":{"start":{"line":51,"column":4},"end":{"line":51,"column":18}},"22":{"start":{"line":55,"column":21},"end":{"line":57,"column":14}},"23":{"start":{"line":59,"column":4},"end":{"line":70,"column":5}},"24":{"start":{"line":60,"column":6},"end":{"line":62,"column":15}},"25":{"start":{"line":63,"column":6},"end":{"line":63,"column":35}},"26":{"start":{"line":65,"column":6},"end":{"line":68,"column":9}},"27":{"start":{"line":69,"column":6},"end":{"line":69,"column":34}},"28":{"start":{"line":74,"column":41},"end":{"line":74,"column":45}},"29":{"start":{"line":77,"column":17},"end":{"line":77,"column":75}},"30":{"start":{"line":78,"column":23},"end":{"line":78,"column":83}},"31":{"start":{"line":80,"column":20},"end":{"line":87,"column":21}},"32":{"start":{"line":88,"column":4},"end":{"line":88,"column":17}},"33":{"start":{"line":92,"column":20},"end":{"line":95,"column":21}},"34":{"start":{"line":96,"column":4},"end":{"line":96,"column":17}},"35":{"start":{"line":100,"column":4},"end":{"line":100,"column":60}},"36":{"start":{"line":5,"column":13},"end":{"line":5,"column":28}},"37":{"start":{"line":5,"column":13},"end":{"line":102,"column":null}}},"fnMap":{"0":{"name":"(anonymous_4)","decl":{"start":{"line":6,"column":2},"end":{"line":6,"column":15}},"loc":{"start":{"line":6,"column":68},"end":{"line":6,"column":72}}},"1":{"name":"(anonymous_5)","decl":{"start":{"line":8,"column":2},"end":{"line":8,"column":7}},"loc":{"start":{"line":8,"column":124},"end":{"line":52,"column":3}}},"2":{"name":"(anonymous_6)","decl":{"start":{"line":32,"column":18},"end":{"line":32,"column":19}},"loc":{"start":{"line":32,"column":25},"end":{"line":34,"column":7}}},"3":{"name":"(anonymous_7)","decl":{"start":{"line":44,"column":50},"end":{"line":44,"column":51}},"loc":{"start":{"line":44,"column":55},"end":{"line":44,"column":65}}},"4":{"name":"(anonymous_8)","decl":{"start":{"line":45,"column":24},"end":{"line":45,"column":25}},"loc":{"start":{"line":45,"column":30},"end":{"line":48,"column":8}}},"5":{"name":"(anonymous_9)","decl":{"start":{"line":54,"column":2},"end":{"line":54,"column":7}},"loc":{"start":{"line":54,"column":54},"end":{"line":71,"column":3}}},"6":{"name":"(anonymous_10)","decl":{"start":{"line":73,"column":2},"end":{"line":73,"column":7}},"loc":{"start":{"line":73,"column":24},"end":{"line":89,"column":3}}},"7":{"name":"(anonymous_11)","decl":{"start":{"line":91,"column":2},"end":{"line":91,"column":7}},"loc":{"start":{"line":91,"column":26},"end":{"line":97,"column":3}}},"8":{"name":"(anonymous_12)","decl":{"start":{"line":99,"column":2},"end":{"line":99,"column":7}},"loc":{"start":{"line":99,"column":25},"end":{"line":101,"column":3}}}},"branchMap":{"0":{"loc":{"start":{"line":8,"column":62},"end":{"line":8,"column":81}},"type":"default-arg","locations":[{"start":{"line":8,"column":77},"end":{"line":8,"column":81}}]},"1":{"loc":{"start":{"line":19,"column":4},"end":{"line":21,"column":5}},"type":"if","locations":[{"start":{"line":19,"column":4},"end":{"line":21,"column":5}},{"start":{},"end":{}}]},"2":{"loc":{"start":{"line":23,"column":4},"end":{"line":25,"column":5}},"type":"if","locations":[{"start":{"line":23,"column":4},"end":{"line":25,"column":5}},{"start":{},"end":{}}]},"3":{"loc":{"start":{"line":27,"column":4},"end":{"line":29,"column":5}},"type":"if","locations":[{"start":{"line":27,"column":4},"end":{"line":29,"column":5}},{"start":{},"end":{}}]},"4":{"loc":{"start":{"line":31,"column":4},"end":{"line":35,"column":5}},"type":"if","locations":[{"start":{"line":31,"column":4},"end":{"line":35,"column":5}},{"start":{},"end":{}}]},"5":{"loc":{"start":{"line":40,"column":4},"end":{"line":49,"column":5}},"type":"if","locations":[{"start":{"line":40,"column":4},"end":{"line":49,"column":5}},{"start":{},"end":{}}]},"6":{"loc":{"start":{"line":59,"column":4},"end":{"line":70,"column":5}},"type":"if","locations":[{"start":{"line":59,"column":4},"end":{"line":70,"column":5}},{"start":{"line":64,"column":11},"end":{"line":70,"column":5}}]},"7":{"loc":{"start":{"line":78,"column":23},"end":{"line":78,"column":83}},"type":"binary-expr","locations":[{"start":{"line":78,"column":23},"end":{"line":78,"column":27}},{"start":{"line":78,"column":32},"end":{"line":78,"column":53}},{"start":{"line":78,"column":57},"end":{"line":78,"column":82}}]},"8":{"loc":{"start":{"line":6,"column":64},"end":{"line":6,"column":71}},"type":"cond-expr","locations":[{"start":{"line":6,"column":68},"end":{"line":6,"column":71}},{"start":{"line":6,"column":68},"end":{"line":6,"column":71}}]},"9":{"loc":{"start":{"line":6,"column":64},"end":{"line":6,"column":68}},"type":"binary-expr","locations":[{"start":{"line":6,"column":64},"end":{"line":6,"column":71}},{"start":{"line":6,"column":64},"end":{"line":6,"column":68}}]}},"s":{"0":1,"1":1,"2":1,"3":7,"4":2,"5":2,"6":2,"7":2,"8":1,"9":2,"10":1,"11":2,"12":0,"13":0,"14":2,"15":2,"16":0,"17":0,"18":0,"19":0,"20":0,"21":2,"22":2,"23":2,"24":1,"25":1,"26":1,"27":1,"28":1,"29":1,"30":1,"31":1,"32":1,"33":1,"34":1,"35":0,"36":1,"37":1},"f":{"0":7,"1":2,"2":0,"3":0,"4":0,"5":2,"6":1,"7":1,"8":0},"b":{"0":[1],"1":[2,0],"2":[1,1],"3":[1,1],"4":[0,2],"5":[0,2],"6":[1,1],"7":[1,1,0],"8":[0,1],"9":[1,0]}}
,"/run/media/caedes/08b909b4-52c4-4c99-acd1-0e6e6a3ce2c0/local_code/hackathon/backend/apps/api/src/comments/comments.controller.ts": {"path":"/run/media/caedes/08b909b4-52c4-4c99-acd1-0e6e6a3ce2c0/local_code/hackathon/backend/apps/api/src/comments/comments.controller.ts","statementMap":{"0":{"start":{"line":1,"column":0},"end":{"line":1,"column":83}},"1":{"start":{"line":2,"column":0},"end":{"line":2,"column":56}},"2":{"start":{"line":3,"column":0},"end":{"line":3,"column":53}},"3":{"start":{"line":7,"column":7},"end":{"line":35,"column":null}},"4":{"start":{"line":8,"column":31},"end":{"line":8,"column":48}},"5":{"start":{"line":13,"column":4},"end":{"line":13,"column":51}},"6":{"start":{"line":21,"column":4},"end":{"line":21,"column":83}},"7":{"start":{"line":27,"column":4},"end":{"line":27,"column":52}},"8":{"start":{"line":33,"column":4},"end":{"line":33,"column":43}},"9":{"start":{"line":7,"column":13},"end":{"line":7,"column":31}},"10":{"start":{"line":12,"column":8},"end":{"line":14,"column":null}},"11":{"start":{"line":18,"column":8},"end":{"line":22,"column":null}},"12":{"start":{"line":26,"column":8},"end":{"line":28,"column":null}},"13":{"start":{"line":32,"column":8},"end":{"line":34,"column":null}},"14":{"start":{"line":7,"column":13},"end":{"line":35,"column":null}}},"fnMap":{"0":{"name":"(anonymous_4)","decl":{"start":{"line":8,"column":2},"end":{"line":8,"column":31}},"loc":{"start":{"line":8,"column":63},"end":{"line":8,"column":67}}},"1":{"name":"(anonymous_5)","decl":{"start":{"line":12,"column":8},"end":{"line":12,"column":18}},"loc":{"start":{"line":12,"column":50},"end":{"line":14,"column":3}}},"2":{"name":"(anonymous_6)","decl":{"start":{"line":18,"column":8},"end":{"line":18,"column":14}},"loc":{"start":{"line":19,"column":73},"end":{"line":22,"column":3}}},"3":{"name":"(anonymous_7)","decl":{"start":{"line":26,"column":8},"end":{"line":26,"column":14}},"loc":{"start":{"line":26,"column":72},"end":{"line":28,"column":3}}},"4":{"name":"(anonymous_8)","decl":{"start":{"line":32,"column":8},"end":{"line":32,"column":14}},"loc":{"start":{"line":32,"column":38},"end":{"line":34,"column":3}}}},"branchMap":{"0":{"loc":{"start":{"line":8,"column":48},"end":{"line":8,"column":66}},"type":"cond-expr","locations":[{"start":{"line":8,"column":63},"end":{"line":8,"column":66}},{"start":{"line":8,"column":63},"end":{"line":8,"column":66}}]},"1":{"loc":{"start":{"line":8,"column":48},"end":{"line":8,"column":63}},"type":"binary-expr","locations":[{"start":{"line":8,"column":48},"end":{"line":8,"column":66}},{"start":{"line":8,"column":48},"end":{"line":8,"column":63}}]}},"s":{"0":0,"1":0,"2":0,"3":0,"4":0,"5":0,"6":0,"7":0,"8":0,"9":0,"10":0,"11":0,"12":0,"13":0,"14":0},"f":{"0":0,"1":0,"2":0,"3":0,"4":0},"b":{"0":[0,0],"1":[0,0]}}
,"/run/media/caedes/08b909b4-52c4-4c99-acd1-0e6e6a3ce2c0/local_code/hackathon/backend/apps/api/src/comments/comments.module.ts": {"path":"/run/media/caedes/08b909b4-52c4-4c99-acd1-0e6e6a3ce2c0/local_code/hackathon/backend/apps/api/src/comments/comments.module.ts","statementMap":{"0":{"start":{"line":1,"column":0},"end":{"line":1,"column":40}},"1":{"start":{"line":2,"column":0},"end":{"line":2,"column":47}},"2":{"start":{"line":3,"column":0},"end":{"line":3,"column":59}},"3":{"start":{"line":4,"column":0},"end":{"line":4,"column":53}},"4":{"start":{"line":11,"column":7},"end":{"line":11,"column":null}},"5":{"start":{"line":11,"column":13},"end":{"line":11,"column":27}},"6":{"start":{"line":11,"column":13},"end":{"line":11,"column":null}}},"fnMap":{},"branchMap":{},"s":{"0":0,"1":0,"2":0,"3":0,"4":0,"5":0,"6":0},"f":{},"b":{}}
,"/run/media/caedes/08b909b4-52c4-4c99-acd1-0e6e6a3ce2c0/local_code/hackathon/backend/apps/api/src/comments/comments.service.ts": {"path":"/run/media/caedes/08b909b4-52c4-4c99-acd1-0e6e6a3ce2c0/local_code/hackathon/backend/apps/api/src/comments/comments.service.ts","statementMap":{"0":{"start":{"line":1,"column":0},"end":{"line":1,"column":52}},"1":{"start":{"line":2,"column":0},"end":{"line":2,"column":28}},"2":{"start":{"line":5,"column":7},"end":{"line":41,"column":null}},"3":{"start":{"line":6,"column":58},"end":{"line":6,"column":64}},"4":{"start":{"line":9,"column":22},"end":{"line":15,"column":21}},"5":{"start":{"line":16,"column":4},"end":{"line":16,"column":19}},"6":{"start":{"line":20,"column":4},"end":{"line":27,"column":45}},"7":{"start":{"line":31,"column":29},"end":{"line":34,"column":21}},"8":{"start":{"line":35,"column":4},"end":{"line":35,"column":26}},"9":{"start":{"line":39,"column":4},"end":{"line":39,"column":53}},"10":{"start":{"line":5,"column":13},"end":{"line":5,"column":28}},"11":{"start":{"line":5,"column":13},"end":{"line":41,"column":null}}},"fnMap":{"0":{"name":"(anonymous_4)","decl":{"start":{"line":6,"column":2},"end":{"line":6,"column":15}},"loc":{"start":{"line":6,"column":68},"end":{"line":6,"column":72}}},"1":{"name":"(anonymous_5)","decl":{"start":{"line":8,"column":2},"end":{"line":8,"column":7}},"loc":{"start":{"line":8,"column":64},"end":{"line":17,"column":3}}},"2":{"name":"(anonymous_6)","decl":{"start":{"line":19,"column":2},"end":{"line":19,"column":7}},"loc":{"start":{"line":19,"column":33},"end":{"line":28,"column":3}}},"3":{"name":"(anonymous_7)","decl":{"start":{"line":30,"column":2},"end":{"line":30,"column":7}},"loc":{"start":{"line":30,"column":42},"end":{"line":36,"column":3}}},"4":{"name":"(anonymous_8)","decl":{"start":{"line":38,"column":2},"end":{"line":38,"column":7}},"loc":{"start":{"line":38,"column":25},"end":{"line":40,"column":3}}}},"branchMap":{"0":{"loc":{"start":{"line":6,"column":64},"end":{"line":6,"column":71}},"type":"cond-expr","locations":[{"start":{"line":6,"column":68},"end":{"line":6,"column":71}},{"start":{"line":6,"column":68},"end":{"line":6,"column":71}}]},"1":{"loc":{"start":{"line":6,"column":64},"end":{"line":6,"column":68}},"type":"binary-expr","locations":[{"start":{"line":6,"column":64},"end":{"line":6,"column":71}},{"start":{"line":6,"column":64},"end":{"line":6,"column":68}}]}},"s":{"0":1,"1":1,"2":1,"3":5,"4":1,"5":1,"6":1,"7":1,"8":1,"9":1,"10":1,"11":1},"f":{"0":5,"1":1,"2":1,"3":1,"4":1},"b":{"0":[0,1],"1":[1,0]}}
,"/run/media/caedes/08b909b4-52c4-4c99-acd1-0e6e6a3ce2c0/local_code/hackathon/backend/apps/api/src/forums/forums.controller.ts": {"path":"/run/media/caedes/08b909b4-52c4-4c99-acd1-0e6e6a3ce2c0/local_code/hackathon/backend/apps/api/src/forums/forums.controller.ts","statementMap":{"0":{"start":{"line":1,"column":0},"end":{"line":1,"column":83}},"1":{"start":{"line":2,"column":0},"end":{"line":2,"column":66}},"2":{"start":{"line":3,"column":0},"end":{"line":3,"column":49}},"3":{"start":{"line":7,"column":7},"end":{"line":46,"column":null}},"4":{"start":{"line":8,"column":31},"end":{"line":8,"column":46}},"5":{"start":{"line":20,"column":4},"end":{"line":20,"column":74}},"6":{"start":{"line":26,"column":4},"end":{"line":26,"column":51}},"7":{"start":{"line":32,"column":4},"end":{"line":32,"column":51}},"8":{"start":{"line":38,"column":4},"end":{"line":38,"column":52}},"9":{"start":{"line":44,"column":4},"end":{"line":44,"column":53}},"10":{"start":{"line":7,"column":13},"end":{"line":7,"column":29}},"11":{"start":{"line":15,"column":8},"end":{"line":21,"column":null}},"12":{"start":{"line":25,"column":8},"end":{"line":27,"column":null}},"13":{"start":{"line":31,"column":8},"end":{"line":33,"column":null}},"14":{"start":{"line":37,"column":8},"end":{"line":39,"column":null}},"15":{"start":{"line":43,"column":8},"end":{"line":45,"column":null}},"16":{"start":{"line":7,"column":13},"end":{"line":46,"column":null}}},"fnMap":{"0":{"name":"(anonymous_4)","decl":{"start":{"line":8,"column":2},"end":{"line":8,"column":31}},"loc":{"start":{"line":8,"column":59},"end":{"line":8,"column":63}}},"1":{"name":"(anonymous_5)","decl":{"start":{"line":15,"column":8},"end":{"line":15,"column":15}},"loc":{"start":{"line":18,"column":36},"end":{"line":21,"column":3}}},"2":{"name":"(anonymous_6)","decl":{"start":{"line":25,"column":8},"end":{"line":25,"column":20}},"loc":{"start":{"line":25,"column":52},"end":{"line":27,"column":3}}},"3":{"name":"(anonymous_7)","decl":{"start":{"line":31,"column":8},"end":{"line":31,"column":17}},"loc":{"start":{"line":31,"column":41},"end":{"line":33,"column":3}}},"4":{"name":"(anonymous_8)","decl":{"start":{"line":37,"column":8},"end":{"line":37,"column":12}},"loc":{"start":{"line":37,"column":73},"end":{"line":39,"column":3}}},"5":{"name":"(anonymous_9)","decl":{"start":{"line":43,"column":8},"end":{"line":43,"column":13}},"loc":{"start":{"line":43,"column":75},"end":{"line":45,"column":3}}}},"branchMap":{"0":{"loc":{"start":{"line":8,"column":46},"end":{"line":8,"column":62}},"type":"cond-expr","locations":[{"start":{"line":8,"column":59},"end":{"line":8,"column":62}},{"start":{"line":8,"column":59},"end":{"line":8,"column":62}}]},"1":{"loc":{"start":{"line":8,"column":46},"end":{"line":8,"column":59}},"type":"binary-expr","locations":[{"start":{"line":8,"column":46},"end":{"line":8,"column":62}},{"start":{"line":8,"column":46},"end":{"line":8,"column":59}}]}},"s":{"0":0,"1":0,"2":0,"3":0,"4":0,"5":0,"6":0,"7":0,"8":0,"9":0,"10":0,"11":0,"12":0,"13":0,"14":0,"15":0,"16":0},"f":{"0":0,"1":0,"2":0,"3":0,"4":0,"5":0},"b":{"0":[0,0],"1":[0,0]}}
,"/run/media/caedes/08b909b4-52c4-4c99-acd1-0e6e6a3ce2c0/local_code/hackathon/backend/apps/api/src/forums/forums.service.ts": {"path":"/run/media/caedes/08b909b4-52c4-4c99-acd1-0e6e6a3ce2c0/local_code/hackathon/backend/apps/api/src/forums/forums.service.ts","statementMap":{"0":{"start":{"line":1,"column":0},"end":{"line":1,"column":52}},"1":{"start":{"line":2,"column":0},"end":{"line":2,"column":28}},"2":{"start":{"line":5,"column":7},"end":{"line":77,"column":null}},"3":{"start":{"line":6,"column":58},"end":{"line":6,"column":64}},"4":{"start":{"line":9,"column":18},"end":{"line":9,"column":49}},"5":{"start":{"line":10,"column":4},"end":{"line":12,"column":5}},"6":{"start":{"line":11,"column":6},"end":{"line":11,"column":51}},"7":{"start":{"line":13,"column":4},"end":{"line":15,"column":5}},"8":{"start":{"line":14,"column":6},"end":{"line":14,"column":51}},"9":{"start":{"line":17,"column":4},"end":{"line":26,"column":5}},"10":{"start":{"line":18,"column":26},"end":{"line":18,"column":52}},"11":{"start":{"line":19,"column":6},"end":{"line":25,"column":9}},"12":{"start":{"line":20,"column":8},"end":{"line":24,"column":11}},"13":{"start":{"line":21,"column":10},"end":{"line":23,"column":11}},"14":{"start":{"line":22,"column":12},"end":{"line":22,"column":53}},"15":{"start":{"line":28,"column":4},"end":{"line":28,"column":17}},"16":{"start":{"line":32,"column":4},"end":{"line":35,"column":26}},"17":{"start":{"line":40,"column":21},"end":{"line":42,"column":14}},"18":{"start":{"line":44,"column":4},"end":{"line":44,"column":34}},"19":{"start":{"line":44,"column":18},"end":{"line":44,"column":34}},"20":{"start":{"line":46,"column":21},"end":{"line":48,"column":21}},"21":{"start":{"line":49,"column":4},"end":{"line":49,"column":18}},"22":{"start":{"line":53,"column":4},"end":{"line":55,"column":13}},"23":{"start":{"line":59,"column":18},"end":{"line":63,"column":36}},"24":{"start":{"line":66,"column":33},"end":{"line":72,"column":null}},"25":{"start":{"line":68,"column":28},"end":{"line":70,"column":22}},"26":{"start":{"line":71,"column":8},"end":{"line":71,"column":40}},"27":{"start":{"line":75,"column":4},"end":{"line":75,"column":32}},"28":{"start":{"line":5,"column":13},"end":{"line":5,"column":26}},"29":{"start":{"line":5,"column":13},"end":{"line":77,"column":null}}},"fnMap":{"0":{"name":"(anonymous_4)","decl":{"start":{"line":6,"column":2},"end":{"line":6,"column":15}},"loc":{"start":{"line":6,"column":68},"end":{"line":6,"column":72}}},"1":{"name":"(anonymous_5)","decl":{"start":{"line":8,"column":2},"end":{"line":8,"column":7}},"loc":{"start":{"line":8,"column":77},"end":{"line":29,"column":3}}},"2":{"name":"(anonymous_6)","decl":{"start":{"line":19,"column":18},"end":{"line":19,"column":19}},"loc":{"start":{"line":19,"column":25},"end":{"line":25,"column":7}}},"3":{"name":"(anonymous_7)","decl":{"start":{"line":20,"column":28},"end":{"line":20,"column":29}},"loc":{"start":{"line":20,"column":37},"end":{"line":24,"column":9}}},"4":{"name":"(anonymous_8)","decl":{"start":{"line":31,"column":2},"end":{"line":31,"column":7}},"loc":{"start":{"line":31,"column":35},"end":{"line":36,"column":3}}},"5":{"name":"(anonymous_9)","decl":{"start":{"line":38,"column":2},"end":{"line":38,"column":7}},"loc":{"start":{"line":38,"column":44},"end":{"line":50,"column":3}}},"6":{"name":"(anonymous_10)","decl":{"start":{"line":52,"column":2},"end":{"line":52,"column":7}},"loc":{"start":{"line":52,"column":45},"end":{"line":56,"column":3}}},"7":{"name":"(anonymous_11)","decl":{"start":{"line":58,"column":2},"end":{"line":58,"column":7}},"loc":{"start":{"line":58,"column":40},"end":{"line":76,"column":3}}},"8":{"name":"(anonymous_12)","decl":{"start":{"line":67,"column":16},"end":{"line":67,"column":21}},"loc":{"start":{"line":67,"column":31},"end":{"line":72,"column":7}}}},"branchMap":{"0":{"loc":{"start":{"line":10,"column":4},"end":{"line":12,"column":5}},"type":"if","locations":[{"start":{"line":10,"column":4},"end":{"line":12,"column":5}},{"start":{},"end":{}}]},"1":{"loc":{"start":{"line":13,"column":4},"end":{"line":15,"column":5}},"type":"if","locations":[{"start":{"line":13,"column":4},"end":{"line":15,"column":5}},{"start":{},"end":{}}]},"2":{"loc":{"start":{"line":17,"column":4},"end":{"line":26,"column":5}},"type":"if","locations":[{"start":{"line":17,"column":4},"end":{"line":26,"column":5}},{"start":{},"end":{}}]},"3":{"loc":{"start":{"line":17,"column":8},"end":{"line":17,"column":43}},"type":"binary-expr","locations":[{"start":{"line":17,"column":8},"end":{"line":17,"column":14}},{"start":{"line":17,"column":18},"end":{"line":17,"column":43}}]},"4":{"loc":{"start":{"line":21,"column":10},"end":{"line":23,"column":11}},"type":"if","locations":[{"start":{"line":21,"column":10},"end":{"line":23,"column":11}},{"start":{},"end":{}}]},"5":{"loc":{"start":{"line":44,"column":4},"end":{"line":44,"column":34}},"type":"if","locations":[{"start":{"line":44,"column":4},"end":{"line":44,"column":34}},{"start":{},"end":{}}]},"6":{"loc":{"start":{"line":6,"column":64},"end":{"line":6,"column":71}},"type":"cond-expr","locations":[{"start":{"line":6,"column":68},"end":{"line":6,"column":71}},{"start":{"line":6,"column":68},"end":{"line":6,"column":71}}]},"7":{"loc":{"start":{"line":6,"column":64},"end":{"line":6,"column":68}},"type":"binary-expr","locations":[{"start":{"line":6,"column":64},"end":{"line":6,"column":71}},{"start":{"line":6,"column":64},"end":{"line":6,"column":68}}]}},"s":{"0":1,"1":1,"2":1,"3":5,"4":1,"5":1,"6":1,"7":1,"8":1,"9":1,"10":0,"11":0,"12":0,"13":0,"14":0,"15":1,"16":1,"17":1,"18":1,"19":0,"20":1,"21":1,"22":1,"23":0,"24":0,"25":0,"26":0,"27":0,"28":1,"29":1},"f":{"0":5,"1":1,"2":0,"3":0,"4":1,"5":1,"6":1,"7":0,"8":0},"b":{"0":[1,0],"1":[1,0],"2":[0,1],"3":[1,0],"4":[0,0],"5":[0,1],"6":[0,1],"7":[1,0]}}
,"/run/media/caedes/08b909b4-52c4-4c99-acd1-0e6e6a3ce2c0/local_code/hackathon/backend/apps/api/src/posts/posts.controller.ts": {"path":"/run/media/caedes/08b909b4-52c4-4c99-acd1-0e6e6a3ce2c0/local_code/hackathon/backend/apps/api/src/posts/posts.controller.ts","statementMap":{"0":{"start":{"line":1,"column":0},"end":{"line":1,"column":115}},"1":{"start":{"line":2,"column":0},"end":{"line":2,"column":56}},"2":{"start":{"line":3,"column":0},"end":{"line":3,"column":60}},"3":{"start":{"line":4,"column":0},"end":{"line":4,"column":37}},"4":{"start":{"line":5,"column":0},"end":{"line":5,"column":31}},"5":{"start":{"line":6,"column":0},"end":{"line":6,"column":47}},"6":{"start":{"line":10,"column":7},"end":{"line":65,"column":null}},"7":{"start":{"line":11,"column":31},"end":{"line":11,"column":45}},"8":{"start":{"line":16,"column":4},"end":{"line":16,"column":41}},"9":{"start":{"line":39,"column":4},"end":{"line":39,"column":63}},"10":{"start":{"line":45,"column":4},"end":{"line":45,"column":51}},"11":{"start":{"line":51,"column":4},"end":{"line":51,"column":40}},"12":{"start":{"line":57,"column":4},"end":{"line":57,"column":60}},"13":{"start":{"line":63,"column":4},"end":{"line":63,"column":43}},"14":{"start":{"line":10,"column":13},"end":{"line":10,"column":28}},"15":{"start":{"line":15,"column":8},"end":{"line":17,"column":null}},"16":{"start":{"line":35,"column":8},"end":{"line":40,"column":null}},"17":{"start":{"line":26,"column":29},"end":{"line":29,"column":21}},"18":{"start":{"line":28,"column":23},"end":{"line":28,"column":66}},"19":{"start":{"line":30,"column":10},"end":{"line":30,"column":65}},"20":{"start":{"line":44,"column":8},"end":{"line":46,"column":null}},"21":{"start":{"line":50,"column":8},"end":{"line":52,"column":null}},"22":{"start":{"line":56,"column":8},"end":{"line":58,"column":null}},"23":{"start":{"line":62,"column":8},"end":{"line":64,"column":null}},"24":{"start":{"line":10,"column":13},"end":{"line":65,"column":null}}},"fnMap":{"0":{"name":"(anonymous_4)","decl":{"start":{"line":11,"column":2},"end":{"line":11,"column":31}},"loc":{"start":{"line":11,"column":57},"end":{"line":11,"column":61}}},"1":{"name":"(anonymous_5)","decl":{"start":{"line":15,"column":8},"end":{"line":15,"column":15}},"loc":{"start":{"line":15,"column":39},"end":{"line":17,"column":3}}},"2":{"name":"(anonymous_6)","decl":{"start":{"line":35,"column":8},"end":{"line":35,"column":18}},"loc":{"start":{"line":37,"column":55},"end":{"line":40,"column":3}}},"3":{"name":"(anonymous_7)","decl":{"start":{"line":44,"column":8},"end":{"line":44,"column":14}},"loc":{"start":{"line":44,"column":62},"end":{"line":46,"column":3}}},"4":{"name":"(anonymous_8)","decl":{"start":{"line":50,"column":8},"end":{"line":50,"column":14}},"loc":{"start":{"line":50,"column":38},"end":{"line":52,"column":3}}},"5":{"name":"(anonymous_9)","decl":{"start":{"line":56,"column":8},"end":{"line":56,"column":24}},"loc":{"start":{"line":56,"column":68},"end":{"line":58,"column":3}}},"6":{"name":"(anonymous_10)","decl":{"start":{"line":62,"column":8},"end":{"line":62,"column":17}},"loc":{"start":{"line":62,"column":41},"end":{"line":64,"column":3}}},"7":{"name":"(anonymous_11)","decl":{"start":{"line":25,"column":18},"end":{"line":25,"column":19}},"loc":{"start":{"line":25,"column":36},"end":{"line":31,"column":9}}},"8":{"name":"(anonymous_12)","decl":{"start":{"line":28,"column":17},"end":{"line":28,"column":20}},"loc":{"start":{"line":28,"column":23},"end":{"line":28,"column":66}}}},"branchMap":{"0":{"loc":{"start":{"line":11,"column":45},"end":{"line":11,"column":60}},"type":"cond-expr","locations":[{"start":{"line":11,"column":57},"end":{"line":11,"column":60}},{"start":{"line":11,"column":57},"end":{"line":11,"column":60}}]},"1":{"loc":{"start":{"line":11,"column":45},"end":{"line":11,"column":57}},"type":"binary-expr","locations":[{"start":{"line":11,"column":45},"end":{"line":11,"column":60}},{"start":{"line":11,"column":45},"end":{"line":11,"column":57}}]}},"s":{"0":0,"1":0,"2":0,"3":0,"4":0,"5":0,"6":0,"7":0,"8":0,"9":0,"10":0,"11":0,"12":0,"13":0,"14":0,"15":0,"16":0,"17":0,"18":0,"19":0,"20":0,"21":0,"22":0,"23":0,"24":0},"f":{"0":0,"1":0,"2":0,"3":0,"4":0,"5":0,"6":0,"7":0,"8":0},"b":{"0":[0,0],"1":[0,0]}}
,"/run/media/caedes/08b909b4-52c4-4c99-acd1-0e6e6a3ce2c0/local_code/hackathon/backend/apps/api/src/posts/posts.service.ts": {"path":"/run/media/caedes/08b909b4-52c4-4c99-acd1-0e6e6a3ce2c0/local_code/hackathon/backend/apps/api/src/posts/posts.service.ts","statementMap":{"0":{"start":{"line":1,"column":0},"end":{"line":1,"column":52}},"1":{"start":{"line":2,"column":0},"end":{"line":2,"column":28}},"2":{"start":{"line":5,"column":7},"end":{"line":95,"column":null}},"3":{"start":{"line":6,"column":58},"end":{"line":6,"column":64}},"4":{"start":{"line":9,"column":4},"end":{"line":39,"column":7}},"5":{"start":{"line":10,"column":21},"end":{"line":18,"column":23}},"6":{"start":{"line":20,"column":6},"end":{"line":28,"column":7}},"7":{"start":{"line":21,"column":31},"end":{"line":26,"column":11}},"8":{"start":{"line":21,"column":57},"end":{"line":26,"column":10}},"9":{"start":{"line":27,"column":8},"end":{"line":27,"column":61}},"10":{"start":{"line":30,"column":34},"end":{"line":32,"column":16}},"11":{"start":{"line":34,"column":31},"end":{"line":36,"column":20}},"12":{"start":{"line":38,"column":6},"end":{"line":38,"column":71}},"13":{"start":{"line":43,"column":17},"end":{"line":47,"column":14}},"14":{"start":{"line":49,"column":4},"end":{"line":49,"column":27}},"15":{"start":{"line":49,"column":15},"end":{"line":49,"column":27}},"16":{"start":{"line":51,"column":24},"end":{"line":53,"column":18}},"17":{"start":{"line":55,"column":21},"end":{"line":59,"column":35}},"18":{"start":{"line":61,"column":4},"end":{"line":61,"column":46}},"19":{"start":{"line":65,"column":26},"end":{"line":73,"column":21}},"20":{"start":{"line":74,"column":4},"end":{"line":74,"column":23}},"21":{"start":{"line":78,"column":4},"end":{"line":78,"column":50}},"22":{"start":{"line":82,"column":4},"end":{"line":82,"column":75}},"23":{"start":{"line":86,"column":17},"end":{"line":86,"column":63}},"24":{"start":{"line":87,"column":4},"end":{"line":87,"column":27}},"25":{"start":{"line":87,"column":15},"end":{"line":87,"column":27}},"26":{"start":{"line":89,"column":26},"end":{"line":92,"column":21}},"27":{"start":{"line":93,"column":4},"end":{"line":93,"column":23}},"28":{"start":{"line":5,"column":13},"end":{"line":5,"column":25}},"29":{"start":{"line":5,"column":13},"end":{"line":95,"column":null}}},"fnMap":{"0":{"name":"(anonymous_4)","decl":{"start":{"line":6,"column":2},"end":{"line":6,"column":15}},"loc":{"start":{"line":6,"column":68},"end":{"line":6,"column":72}}},"1":{"name":"(anonymous_5)","decl":{"start":{"line":8,"column":2},"end":{"line":8,"column":7}},"loc":{"start":{"line":8,"column":49},"end":{"line":40,"column":3}}},"2":{"name":"(anonymous_6)","decl":{"start":{"line":9,"column":33},"end":{"line":9,"column":38}},"loc":{"start":{"line":9,"column":47},"end":{"line":39,"column":5}}},"3":{"name":"(anonymous_7)","decl":{"start":{"line":21,"column":47},"end":{"line":21,"column":48}},"loc":{"start":{"line":21,"column":57},"end":{"line":26,"column":10}}},"4":{"name":"(anonymous_8)","decl":{"start":{"line":42,"column":2},"end":{"line":42,"column":7}},"loc":{"start":{"line":42,"column":26},"end":{"line":62,"column":3}}},"5":{"name":"(anonymous_9)","decl":{"start":{"line":64,"column":2},"end":{"line":64,"column":7}},"loc":{"start":{"line":64,"column":36},"end":{"line":75,"column":3}}},"6":{"name":"(anonymous_10)","decl":{"start":{"line":77,"column":2},"end":{"line":77,"column":7}},"loc":{"start":{"line":77,"column":25},"end":{"line":79,"column":3}}},"7":{"name":"(anonymous_11)","decl":{"start":{"line":81,"column":2},"end":{"line":81,"column":7}},"loc":{"start":{"line":81,"column":45},"end":{"line":83,"column":3}}},"8":{"name":"(anonymous_12)","decl":{"start":{"line":85,"column":2},"end":{"line":85,"column":7}},"loc":{"start":{"line":85,"column":28},"end":{"line":94,"column":3}}}},"branchMap":{"0":{"loc":{"start":{"line":20,"column":6},"end":{"line":28,"column":7}},"type":"if","locations":[{"start":{"line":20,"column":6},"end":{"line":28,"column":7}},{"start":{},"end":{}}]},"1":{"loc":{"start":{"line":20,"column":10},"end":{"line":20,"column":47}},"type":"binary-expr","locations":[{"start":{"line":20,"column":10},"end":{"line":20,"column":21}},{"start":{"line":20,"column":25},"end":{"line":20,"column":47}}]},"2":{"loc":{"start":{"line":49,"column":4},"end":{"line":49,"column":27}},"type":"if","locations":[{"start":{"line":49,"column":4},"end":{"line":49,"column":27}},{"start":{},"end":{}}]},"3":{"loc":{"start":{"line":87,"column":4},"end":{"line":87,"column":27}},"type":"if","locations":[{"start":{"line":87,"column":4},"end":{"line":87,"column":27}},{"start":{},"end":{}}]},"4":{"loc":{"start":{"line":6,"column":64},"end":{"line":6,"column":71}},"type":"cond-expr","locations":[{"start":{"line":6,"column":68},"end":{"line":6,"column":71}},{"start":{"line":6,"column":68},"end":{"line":6,"column":71}}]},"5":{"loc":{"start":{"line":6,"column":64},"end":{"line":6,"column":68}},"type":"binary-expr","locations":[{"start":{"line":6,"column":64},"end":{"line":6,"column":71}},{"start":{"line":6,"column":64},"end":{"line":6,"column":68}}]}},"s":{"0":1,"1":1,"2":1,"3":7,"4":1,"5":1,"6":1,"7":0,"8":0,"9":0,"10":1,"11":1,"12":1,"13":2,"14":2,"15":1,"16":1,"17":1,"18":1,"19":1,"20":1,"21":1,"22":0,"23":1,"24":1,"25":0,"26":1,"27":1,"28":1,"29":1},"f":{"0":7,"1":1,"2":1,"3":0,"4":2,"5":1,"6":1,"7":0,"8":1},"b":{"0":[0,1],"1":[1,0],"2":[1,1],"3":[0,1],"4":[0,1],"5":[1,0]}}
,"/run/media/caedes/08b909b4-52c4-4c99-acd1-0e6e6a3ce2c0/local_code/hackathon/backend/apps/api/test/app.e2e-spec.ts": {"path":"/run/media/caedes/08b909b4-52c4-4c99-acd1-0e6e6a3ce2c0/local_code/hackathon/backend/apps/api/test/app.e2e-spec.ts","statementMap":{"0":{"start":{"line":1,"column":0},"end":{"line":1,"column":54}},"1":{"start":{"line":3,"column":0},"end":{"line":3,"column":37}},"2":{"start":{"line":4,"column":0},"end":{"line":4,"column":48}},"3":{"start":{"line":6,"column":0},"end":{"line":24,"column":3}},"4":{"start":{"line":9,"column":2},"end":{"line":16,"column":5}},"5":{"start":{"line":10,"column":41},"end":{"line":12,"column":16}},"6":{"start":{"line":14,"column":4},"end":{"line":14,"column":48}},"7":{"start":{"line":15,"column":4},"end":{"line":15,"column":21}},"8":{"start":{"line":18,"column":2},"end":{"line":23,"column":5}},"9":{"start":{"line":19,"column":4},"end":{"line":22,"column":30}}},"fnMap":{"0":{"name":"(anonymous_9)","decl":{"start":{"line":6,"column":32},"end":{"line":6,"column":35}},"loc":{"start":{"line":6,"column":37},"end":{"line":24,"column":1}}},"1":{"name":"(anonymous_10)","decl":{"start":{"line":9,"column":13},"end":{"line":9,"column":18}},"loc":{"start":{"line":9,"column":24},"end":{"line":16,"column":3}}},"2":{"name":"(anonymous_11)","decl":{"start":{"line":18,"column":16},"end":{"line":18,"column":19}},"loc":{"start":{"line":18,"column":21},"end":{"line":23,"column":3}}}},"branchMap":{},"s":{"0":0,"1":0,"2":0,"3":0,"4":0,"5":0,"6":0,"7":0,"8":0,"9":0},"f":{"0":0,"1":0,"2":0},"b":{}}
,"/run/media/caedes/08b909b4-52c4-4c99-acd1-0e6e6a3ce2c0/local_code/hackathon/backend/apps/api/test/auth.e2e-spec.ts": {"path":"/run/media/caedes/08b909b4-52c4-4c99-acd1-0e6e6a3ce2c0/local_code/hackathon/backend/apps/api/test/auth.e2e-spec.ts","statementMap":{"0":{"start":{"line":1,"column":0},"end":{"line":1,"column":54}},"1":{"start":{"line":3,"column":0},"end":{"line":3,"column":37}},"2":{"start":{"line":4,"column":0},"end":{"line":4,"column":46}},"3":{"start":{"line":6,"column":0},"end":{"line":66,"column":3}},"4":{"start":{"line":10,"column":2},"end":{"line":33,"column":5}},"5":{"start":{"line":11,"column":41},"end":{"line":29,"column":14}},"6":{"start":{"line":25,"column":12},"end":{"line":25,"column":119}},"7":{"start":{"line":31,"column":4},"end":{"line":31,"column":48}},"8":{"start":{"line":32,"column":4},"end":{"line":32,"column":21}},"9":{"start":{"line":35,"column":2},"end":{"line":37,"column":5}},"10":{"start":{"line":36,"column":4},"end":{"line":36,"column":22}},"11":{"start":{"line":39,"column":2},"end":{"line":52,"column":5}},"12":{"start":{"line":40,"column":4},"end":{"line":51,"column":19}},"13":{"start":{"line":54,"column":2},"end":{"line":65,"column":5}},"14":{"start":{"line":55,"column":4},"end":{"line":64,"column":9}},"15":{"start":{"line":63,"column":8},"end":{"line":63,"column":76}}},"fnMap":{"0":{"name":"(anonymous_9)","decl":{"start":{"line":6,"column":45},"end":{"line":6,"column":48}},"loc":{"start":{"line":6,"column":50},"end":{"line":66,"column":1}}},"1":{"name":"(anonymous_10)","decl":{"start":{"line":10,"column":12},"end":{"line":10,"column":17}},"loc":{"start":{"line":10,"column":23},"end":{"line":33,"column":3}}},"2":{"name":"(anonymous_11)","decl":{"start":{"line":24,"column":48},"end":{"line":24,"column":49}},"loc":{"start":{"line":24,"column":59},"end":{"line":26,"column":9}}},"3":{"name":"(anonymous_12)","decl":{"start":{"line":35,"column":11},"end":{"line":35,"column":16}},"loc":{"start":{"line":35,"column":22},"end":{"line":37,"column":3}}},"4":{"name":"(anonymous_13)","decl":{"start":{"line":39,"column":30},"end":{"line":39,"column":33}},"loc":{"start":{"line":39,"column":35},"end":{"line":52,"column":3}}},"5":{"name":"(anonymous_14)","decl":{"start":{"line":54,"column":67},"end":{"line":54,"column":70}},"loc":{"start":{"line":54,"column":72},"end":{"line":65,"column":3}}},"6":{"name":"(anonymous_15)","decl":{"start":{"line":62,"column":14},"end":{"line":62,"column":15}},"loc":{"start":{"line":62,"column":22},"end":{"line":64,"column":7}}}},"branchMap":{},"s":{"0":0,"1":0,"2":0,"3":0,"4":0,"5":0,"6":0,"7":0,"8":0,"9":0,"10":0,"11":0,"12":0,"13":0,"14":0,"15":0},"f":{"0":0,"1":0,"2":0,"3":0,"4":0,"5":0,"6":0},"b":{}}
,"/run/media/caedes/08b909b4-52c4-4c99-acd1-0e6e6a3ce2c0/local_code/hackathon/backend/apps/cms/src/auth-gui.controller.ts": {"path":"/run/media/caedes/08b909b4-52c4-4c99-acd1-0e6e6a3ce2c0/local_code/hackathon/backend/apps/cms/src/auth-gui.controller.ts","statementMap":{"0":{"start":{"line":1,"column":0},"end":{"line":1,"column":91}},"1":{"start":{"line":2,"column":0},"end":{"line":2,"column":35}},"2":{"start":{"line":3,"column":0},"end":{"line":3,"column":28}},"3":{"start":{"line":4,"column":0},"end":{"line":4,"column":33}},"4":{"start":{"line":7,"column":7},"end":{"line":44,"column":null}},"5":{"start":{"line":8,"column":58},"end":{"line":8,"column":64}},"6":{"start":{"line":13,"column":4},"end":{"line":15,"column":5}},"7":{"start":{"line":14,"column":6},"end":{"line":14,"column":40}},"8":{"start":{"line":16,"column":4},"end":{"line":16,"column":27}},"9":{"start":{"line":21,"column":35},"end":{"line":21,"column":39}},"10":{"start":{"line":23,"column":17},"end":{"line":23,"column":69}},"11":{"start":{"line":25,"column":4},"end":{"line":32,"column":5}},"12":{"start":{"line":26,"column":6},"end":{"line":30,"column":7}},"13":{"start":{"line":27,"column":8},"end":{"line":27,"column":37}},"14":{"start":{"line":28,"column":8},"end":{"line":28,"column":33}},"15":{"start":{"line":29,"column":8},"end":{"line":29,"column":42}},"16":{"start":{"line":31,"column":6},"end":{"line":31,"column":83}},"17":{"start":{"line":34,"column":4},"end":{"line":34,"column":84}},"18":{"start":{"line":39,"column":4},"end":{"line":41,"column":5}},"19":{"start":{"line":40,"column":6},"end":{"line":40,"column":30}},"20":{"start":{"line":42,"column":4},"end":{"line":42,"column":34}},"21":{"start":{"line":7,"column":13},"end":{"line":7,"column":30}},"22":{"start":{"line":12,"column":2},"end":{"line":17,"column":null}},"23":{"start":{"line":20,"column":8},"end":{"line":35,"column":null}},"24":{"start":{"line":38,"column":2},"end":{"line":43,"column":null}},"25":{"start":{"line":7,"column":13},"end":{"line":44,"column":null}}},"fnMap":{"0":{"name":"(anonymous_13)","decl":{"start":{"line":8,"column":2},"end":{"line":8,"column":15}},"loc":{"start":{"line":8,"column":68},"end":{"line":8,"column":72}}},"1":{"name":"(anonymous_14)","decl":{"start":{"line":12,"column":2},"end":{"line":12,"column":10}},"loc":{"start":{"line":12,"column":34},"end":{"line":17,"column":3}}},"2":{"name":"(anonymous_15)","decl":{"start":{"line":20,"column":8},"end":{"line":20,"column":13}},"loc":{"start":{"line":20,"column":86},"end":{"line":35,"column":3}}},"3":{"name":"(anonymous_16)","decl":{"start":{"line":38,"column":2},"end":{"line":38,"column":8}},"loc":{"start":{"line":38,"column":62},"end":{"line":43,"column":3}}}},"branchMap":{"0":{"loc":{"start":{"line":13,"column":4},"end":{"line":15,"column":5}},"type":"if","locations":[{"start":{"line":13,"column":4},"end":{"line":15,"column":5}},{"start":{},"end":{}}]},"1":{"loc":{"start":{"line":13,"column":8},"end":{"line":13,"column":35}},"type":"binary-expr","locations":[{"start":{"line":13,"column":8},"end":{"line":13,"column":15}},{"start":{"line":13,"column":19},"end":{"line":13,"column":35}}]},"2":{"loc":{"start":{"line":25,"column":4},"end":{"line":32,"column":5}},"type":"if","locations":[{"start":{"line":25,"column":4},"end":{"line":32,"column":5}},{"start":{},"end":{}}]},"3":{"loc":{"start":{"line":25,"column":8},"end":{"line":25,"column":63}},"type":"binary-expr","locations":[{"start":{"line":25,"column":8},"end":{"line":25,"column":12}},{"start":{"line":25,"column":17},"end":{"line":25,"column":62}}]},"4":{"loc":{"start":{"line":26,"column":6},"end":{"line":30,"column":7}},"type":"if","locations":[{"start":{"line":26,"column":6},"end":{"line":30,"column":7}},{"start":{},"end":{}}]},"5":{"loc":{"start":{"line":26,"column":10},"end":{"line":26,"column":60}},"type":"binary-expr","locations":[{"start":{"line":26,"column":10},"end":{"line":26,"column":31}},{"start":{"line":26,"column":35},"end":{"line":26,"column":60}}]},"6":{"loc":{"start":{"line":39,"column":4},"end":{"line":41,"column":5}},"type":"if","locations":[{"start":{"line":39,"column":4},"end":{"line":41,"column":5}},{"start":{},"end":{}}]},"7":{"loc":{"start":{"line":20,"column":70},"end":{"line":20,"column":null}},"type":"cond-expr","locations":[{"start":{"line":20,"column":86},"end":{"line":20,"column":null}},{"start":{"line":20,"column":86},"end":{"line":20,"column":null}}]},"8":{"loc":{"start":{"line":20,"column":70},"end":{"line":20,"column":86}},"type":"binary-expr","locations":[{"start":{"line":20,"column":70},"end":{"line":20,"column":78}},{"start":{"line":20,"column":70},"end":{"line":20,"column":86}}]},"9":{"loc":{"start":{"line":38,"column":46},"end":{"line":38,"column":null}},"type":"cond-expr","locations":[{"start":{"line":38,"column":62},"end":{"line":38,"column":null}},{"start":{"line":38,"column":62},"end":{"line":38,"column":null}}]},"10":{"loc":{"start":{"line":38,"column":46},"end":{"line":38,"column":62}},"type":"binary-expr","locations":[{"start":{"line":38,"column":46},"end":{"line":38,"column":54}},{"start":{"line":38,"column":46},"end":{"line":38,"column":62}}]},"11":{"loc":{"start":{"line":8,"column":64},"end":{"line":8,"column":71}},"type":"cond-expr","locations":[{"start":{"line":8,"column":68},"end":{"line":8,"column":71}},{"start":{"line":8,"column":68},"end":{"line":8,"column":71}}]},"12":{"loc":{"start":{"line":8,"column":64},"end":{"line":8,"column":68}},"type":"binary-expr","locations":[{"start":{"line":8,"column":64},"end":{"line":8,"column":71}},{"start":{"line":8,"column":64},"end":{"line":8,"column":68}}]}},"s":{"0":0,"1":0,"2":0,"3":0,"4":0,"5":0,"6":0,"7":0,"8":0,"9":0,"10":0,"11":0,"12":0,"13":0,"14":0,"15":0,"16":0,"17":0,"18":0,"19":0,"20":0,"21":0,"22":0,"23":0,"24":0,"25":0},"f":{"0":0,"1":0,"2":0,"3":0},"b":{"0":[0,0],"1":[0,0],"2":[0,0],"3":[0,0],"4":[0,0],"5":[0,0],"6":[0,0],"7":[0,0],"8":[0,0],"9":[0,0],"10":[0,0],"11":[0,0],"12":[0,0]}}
,"/run/media/caedes/08b909b4-52c4-4c99-acd1-0e6e6a3ce2c0/local_code/hackathon/backend/apps/cms/src/cms-gui.controller.ts": {"path":"/run/media/caedes/08b909b4-52c4-4c99-acd1-0e6e6a3ce2c0/local_code/hackathon/backend/apps/cms/src/cms-gui.controller.ts","statementMap":{"0":{"start":{"line":1,"column":0},"end":{"line":1,"column":71}},"1":{"start":{"line":2,"column":0},"end":{"line":2,"column":35}},"2":{"start":{"line":3,"column":0},"end":{"line":3,"column":43}},"3":{"start":{"line":6,"column":7},"end":{"line":39,"column":null}},"4":{"start":{"line":7,"column":31},"end":{"line":7,"column":43}},"5":{"start":{"line":11,"column":4},"end":{"line":11,"column":38}},"6":{"start":{"line":16,"column":4},"end":{"line":18,"column":5}},"7":{"start":{"line":17,"column":6},"end":{"line":17,"column":36}},"8":{"start":{"line":20,"column":25},"end":{"line":20,"column":67}},"9":{"start":{"line":21,"column":24},"end":{"line":21,"column":65}},"10":{"start":{"line":22,"column":19},"end":{"line":22,"column":55}},"11":{"start":{"line":23,"column":18},"end":{"line":23,"column":53}},"12":{"start":{"line":24,"column":18},"end":{"line":24,"column":53}},"13":{"start":{"line":25,"column":21},"end":{"line":25,"column":59}},"14":{"start":{"line":26,"column":19},"end":{"line":26,"column":55}},"15":{"start":{"line":28,"column":4},"end":{"line":37,"column":7}},"16":{"start":{"line":6,"column":13},"end":{"line":6,"column":29}},"17":{"start":{"line":10,"column":2},"end":{"line":12,"column":null}},"18":{"start":{"line":15,"column":8},"end":{"line":38,"column":null}},"19":{"start":{"line":6,"column":13},"end":{"line":39,"column":null}}},"fnMap":{"0":{"name":"(anonymous_13)","decl":{"start":{"line":7,"column":2},"end":{"line":7,"column":31}},"loc":{"start":{"line":7,"column":53},"end":{"line":7,"column":57}}},"1":{"name":"(anonymous_14)","decl":{"start":{"line":10,"column":2},"end":{"line":10,"column":7}},"loc":{"start":{"line":10,"column":36},"end":{"line":12,"column":3}}},"2":{"name":"(anonymous_15)","decl":{"start":{"line":15,"column":8},"end":{"line":15,"column":17}},"loc":{"start":{"line":15,"column":71},"end":{"line":38,"column":3}}}},"branchMap":{"0":{"loc":{"start":{"line":16,"column":4},"end":{"line":18,"column":5}},"type":"if","locations":[{"start":{"line":16,"column":4},"end":{"line":18,"column":5}},{"start":{},"end":{}}]},"1":{"loc":{"start":{"line":16,"column":8},"end":{"line":16,"column":37}},"type":"binary-expr","locations":[{"start":{"line":16,"column":8},"end":{"line":16,"column":16}},{"start":{"line":16,"column":20},"end":{"line":16,"column":37}}]},"2":{"loc":{"start":{"line":10,"column":20},"end":{"line":10,"column":null}},"type":"cond-expr","locations":[{"start":{"line":10,"column":36},"end":{"line":10,"column":null}},{"start":{"line":10,"column":36},"end":{"line":10,"column":null}}]},"3":{"loc":{"start":{"line":10,"column":20},"end":{"line":10,"column":36}},"type":"binary-expr","locations":[{"start":{"line":10,"column":20},"end":{"line":10,"column":28}},{"start":{"line":10,"column":20},"end":{"line":10,"column":36}}]},"4":{"loc":{"start":{"line":15,"column":55},"end":{"line":15,"column":null}},"type":"cond-expr","locations":[{"start":{"line":15,"column":71},"end":{"line":15,"column":null}},{"start":{"line":15,"column":71},"end":{"line":15,"column":null}}]},"5":{"loc":{"start":{"line":15,"column":55},"end":{"line":15,"column":71}},"type":"binary-expr","locations":[{"start":{"line":15,"column":55},"end":{"line":15,"column":63}},{"start":{"line":15,"column":55},"end":{"line":15,"column":71}}]},"6":{"loc":{"start":{"line":7,"column":43},"end":{"line":7,"column":56}},"type":"cond-expr","locations":[{"start":{"line":7,"column":53},"end":{"line":7,"column":56}},{"start":{"line":7,"column":53},"end":{"line":7,"column":56}}]},"7":{"loc":{"start":{"line":7,"column":43},"end":{"line":7,"column":53}},"type":"binary-expr","locations":[{"start":{"line":7,"column":43},"end":{"line":7,"column":56}},{"start":{"line":7,"column":43},"end":{"line":7,"column":53}}]}},"s":{"0":0,"1":0,"2":0,"3":0,"4":0,"5":0,"6":0,"7":0,"8":0,"9":0,"10":0,"11":0,"12":0,"13":0,"14":0,"15":0,"16":0,"17":0,"18":0,"19":0},"f":{"0":0,"1":0,"2":0},"b":{"0":[0,0],"1":[0,0],"2":[0,0],"3":[0,0],"4":[0,0],"5":[0,0],"6":[0,0],"7":[0,0]}}
,"/run/media/caedes/08b909b4-52c4-4c99-acd1-0e6e6a3ce2c0/local_code/hackathon/backend/apps/cms/src/cms.controller.ts": {"path":"/run/media/caedes/08b909b4-52c4-4c99-acd1-0e6e6a3ce2c0/local_code/hackathon/backend/apps/cms/src/cms.controller.ts","statementMap":{"0":{"start":{"line":1,"column":0},"end":{"line":1,"column":94}},"1":{"start":{"line":2,"column":0},"end":{"line":2,"column":56}},"2":{"start":{"line":3,"column":0},"end":{"line":3,"column":43}},"3":{"start":{"line":7,"column":7},"end":{"line":141,"column":null}},"4":{"start":{"line":8,"column":31},"end":{"line":8,"column":43}},"5":{"start":{"line":14,"column":4},"end":{"line":14,"column":48}},"6":{"start":{"line":20,"column":4},"end":{"line":20,"column":50}},"7":{"start":{"line":26,"column":4},"end":{"line":26,"column":48}},"8":{"start":{"line":33,"column":4},"end":{"line":33,"column":47}},"9":{"start":{"line":39,"column":4},"end":{"line":39,"column":50}},"10":{"start":{"line":45,"column":4},"end":{"line":45,"column":54}},"11":{"start":{"line":51,"column":4},"end":{"line":51,"column":48}},"12":{"start":{"line":58,"column":4},"end":{"line":58,"column":42}},"13":{"start":{"line":64,"column":4},"end":{"line":64,"column":45}},"14":{"start":{"line":70,"column":4},"end":{"line":70,"column":49}},"15":{"start":{"line":76,"column":4},"end":{"line":76,"column":43}},"16":{"start":{"line":83,"column":4},"end":{"line":83,"column":41}},"17":{"start":{"line":89,"column":4},"end":{"line":89,"column":44}},"18":{"start":{"line":95,"column":4},"end":{"line":95,"column":42}},"19":{"start":{"line":102,"column":4},"end":{"line":102,"column":41}},"20":{"start":{"line":108,"column":4},"end":{"line":108,"column":42}},"21":{"start":{"line":114,"column":4},"end":{"line":114,"column":44}},"22":{"start":{"line":120,"column":4},"end":{"line":120,"column":45}},"23":{"start":{"line":127,"column":4},"end":{"line":127,"column":42}},"24":{"start":{"line":133,"column":4},"end":{"line":133,"column":44}},"25":{"start":{"line":139,"column":4},"end":{"line":139,"column":43}},"26":{"start":{"line":7,"column":13},"end":{"line":7,"column":26}},"27":{"start":{"line":13,"column":8},"end":{"line":15,"column":null}},"28":{"start":{"line":19,"column":8},"end":{"line":21,"column":null}},"29":{"start":{"line":25,"column":8},"end":{"line":27,"column":null}},"30":{"start":{"line":32,"column":8},"end":{"line":34,"column":null}},"31":{"start":{"line":38,"column":8},"end":{"line":40,"column":null}},"32":{"start":{"line":44,"column":8},"end":{"line":46,"column":null}},"33":{"start":{"line":50,"column":8},"end":{"line":52,"column":null}},"34":{"start":{"line":57,"column":8},"end":{"line":59,"column":null}},"35":{"start":{"line":63,"column":8},"end":{"line":65,"column":null}},"36":{"start":{"line":69,"column":8},"end":{"line":71,"column":null}},"37":{"start":{"line":75,"column":8},"end":{"line":77,"column":null}},"38":{"start":{"line":82,"column":8},"end":{"line":84,"column":null}},"39":{"start":{"line":88,"column":8},"end":{"line":90,"column":null}},"40":{"start":{"line":94,"column":8},"end":{"line":96,"column":null}},"41":{"start":{"line":101,"column":8},"end":{"line":103,"column":null}},"42":{"start":{"line":107,"column":8},"end":{"line":109,"column":null}},"43":{"start":{"line":113,"column":8},"end":{"line":115,"column":null}},"44":{"start":{"line":119,"column":8},"end":{"line":121,"column":null}},"45":{"start":{"line":126,"column":8},"end":{"line":128,"column":null}},"46":{"start":{"line":132,"column":8},"end":{"line":134,"column":null}},"47":{"start":{"line":138,"column":8},"end":{"line":140,"column":null}},"48":{"start":{"line":7,"column":13},"end":{"line":141,"column":null}}},"fnMap":{"0":{"name":"(anonymous_4)","decl":{"start":{"line":8,"column":2},"end":{"line":8,"column":31}},"loc":{"start":{"line":8,"column":53},"end":{"line":8,"column":57}}},"1":{"name":"(anonymous_5)","decl":{"start":{"line":13,"column":8},"end":{"line":13,"column":26}},"loc":{"start":{"line":13,"column":26},"end":{"line":15,"column":3}}},"2":{"name":"(anonymous_6)","decl":{"start":{"line":19,"column":8},"end":{"line":19,"column":24}},"loc":{"start":{"line":19,"column":77},"end":{"line":21,"column":3}}},"3":{"name":"(anonymous_7)","decl":{"start":{"line":25,"column":8},"end":{"line":25,"column":24}},"loc":{"start":{"line":25,"column":48},"end":{"line":27,"column":3}}},"4":{"name":"(anonymous_8)","decl":{"start":{"line":32,"column":8},"end":{"line":32,"column":25}},"loc":{"start":{"line":32,"column":25},"end":{"line":34,"column":3}}},"5":{"name":"(anonymous_9)","decl":{"start":{"line":38,"column":8},"end":{"line":38,"column":24}},"loc":{"start":{"line":38,"column":100},"end":{"line":40,"column":3}}},"6":{"name":"(anonymous_10)","decl":{"start":{"line":44,"column":8},"end":{"line":44,"column":24}},"loc":{"start":{"line":44,"column":127},"end":{"line":46,"column":3}}},"7":{"name":"(anonymous_11)","decl":{"start":{"line":50,"column":8},"end":{"line":50,"column":24}},"loc":{"start":{"line":50,"column":48},"end":{"line":52,"column":3}}},"8":{"name":"(anonymous_12)","decl":{"start":{"line":57,"column":8},"end":{"line":57,"column":20}},"loc":{"start":{"line":57,"column":20},"end":{"line":59,"column":3}}},"9":{"name":"(anonymous_13)","decl":{"start":{"line":63,"column":8},"end":{"line":63,"column":19}},"loc":{"start":{"line":63,"column":118},"end":{"line":65,"column":3}}},"10":{"name":"(anonymous_14)","decl":{"start":{"line":69,"column":8},"end":{"line":69,"column":19}},"loc":{"start":{"line":69,"column":146},"end":{"line":71,"column":3}}},"11":{"name":"(anonymous_15)","decl":{"start":{"line":75,"column":8},"end":{"line":75,"column":19}},"loc":{"start":{"line":75,"column":43},"end":{"line":77,"column":3}}},"12":{"name":"(anonymous_16)","decl":{"start":{"line":82,"column":8},"end":{"line":82,"column":19}},"loc":{"start":{"line":82,"column":19},"end":{"line":84,"column":3}}},"13":{"name":"(anonymous_17)","decl":{"start":{"line":88,"column":8},"end":{"line":88,"column":18}},"loc":{"start":{"line":88,"column":162},"end":{"line":90,"column":3}}},"14":{"name":"(anonymous_18)","decl":{"start":{"line":94,"column":8},"end":{"line":94,"column":18}},"loc":{"start":{"line":94,"column":42},"end":{"line":96,"column":3}}},"15":{"name":"(anonymous_19)","decl":{"start":{"line":101,"column":8},"end":{"line":101,"column":19}},"loc":{"start":{"line":101,"column":19},"end":{"line":103,"column":3}}},"16":{"name":"(anonymous_20)","decl":{"start":{"line":107,"column":8},"end":{"line":107,"column":18}},"loc":{"start":{"line":107,"column":42},"end":{"line":109,"column":3}}},"17":{"name":"(anonymous_21)","decl":{"start":{"line":113,"column":8},"end":{"line":113,"column":22}},"loc":{"start":{"line":113,"column":22},"end":{"line":115,"column":3}}},"18":{"name":"(anonymous_22)","decl":{"start":{"line":119,"column":8},"end":{"line":119,"column":21}},"loc":{"start":{"line":119,"column":45},"end":{"line":121,"column":3}}},"19":{"name":"(anonymous_23)","decl":{"start":{"line":126,"column":8},"end":{"line":126,"column":20}},"loc":{"start":{"line":126,"column":20},"end":{"line":128,"column":3}}},"20":{"name":"(anonymous_24)","decl":{"start":{"line":132,"column":8},"end":{"line":132,"column":20}},"loc":{"start":{"line":132,"column":44},"end":{"line":134,"column":3}}},"21":{"name":"(anonymous_25)","decl":{"start":{"line":138,"column":8},"end":{"line":138,"column":19}},"loc":{"start":{"line":138,"column":43},"end":{"line":140,"column":3}}}},"branchMap":{"0":{"loc":{"start":{"line":8,"column":43},"end":{"line":8,"column":56}},"type":"cond-expr","locations":[{"start":{"line":8,"column":53},"end":{"line":8,"column":56}},{"start":{"line":8,"column":53},"end":{"line":8,"column":56}}]},"1":{"loc":{"start":{"line":8,"column":43},"end":{"line":8,"column":53}},"type":"binary-expr","locations":[{"start":{"line":8,"column":43},"end":{"line":8,"column":56}},{"start":{"line":8,"column":43},"end":{"line":8,"column":53}}]}},"s":{"0":1,"1":1,"2":1,"3":1,"4":1,"5":1,"6":0,"7":0,"8":0,"9":0,"10":0,"11":0,"12":0,"13":0,"14":0,"15":0,"16":0,"17":0,"18":0,"19":0,"20":0,"21":0,"22":0,"23":0,"24":0,"25":0,"26":1,"27":1,"28":1,"29":1,"30":1,"31":1,"32":1,"33":1,"34":1,"35":1,"36":1,"37":1,"38":1,"39":1,"40":1,"41":1,"42":1,"43":1,"44":1,"45":1,"46":1,"47":1,"48":1},"f":{"0":1,"1":1,"2":0,"3":0,"4":0,"5":0,"6":0,"7":0,"8":0,"9":0,"10":0,"11":0,"12":0,"13":0,"14":0,"15":0,"16":0,"17":0,"18":0,"19":0,"20":0,"21":0},"b":{"0":[1,0],"1":[1,1]}}
,"/run/media/caedes/08b909b4-52c4-4c99-acd1-0e6e6a3ce2c0/local_code/hackathon/backend/apps/cms/src/cms.module.ts": {"path":"/run/media/caedes/08b909b4-52c4-4c99-acd1-0e6e6a3ce2c0/local_code/hackathon/backend/apps/cms/src/cms.module.ts","statementMap":{"0":{"start":{"line":1,"column":0},"end":{"line":1,"column":40}},"1":{"start":{"line":2,"column":0},"end":{"line":2,"column":46}},"2":{"start":{"line":3,"column":0},"end":{"line":3,"column":47}},"3":{"start":{"line":4,"column":0},"end":{"line":4,"column":49}},"4":{"start":{"line":5,"column":0},"end":{"line":5,"column":43}},"5":{"start":{"line":6,"column":0},"end":{"line":6,"column":58}},"6":{"start":{"line":7,"column":0},"end":{"line":7,"column":56}},"7":{"start":{"line":21,"column":7},"end":{"line":21,"column":null}},"8":{"start":{"line":21,"column":13},"end":{"line":21,"column":22}},"9":{"start":{"line":21,"column":13},"end":{"line":21,"column":null}}},"fnMap":{},"branchMap":{},"s":{"0":0,"1":0,"2":0,"3":0,"4":0,"5":0,"6":0,"7":0,"8":0,"9":0},"f":{},"b":{}}
,"/run/media/caedes/08b909b4-52c4-4c99-acd1-0e6e6a3ce2c0/local_code/hackathon/backend/apps/cms/src/cms.service.ts": {"path":"/run/media/caedes/08b909b4-52c4-4c99-acd1-0e6e6a3ce2c0/local_code/hackathon/backend/apps/cms/src/cms.service.ts","statementMap":{"0":{"start":{"line":1,"column":0},"end":{"line":1,"column":71}},"1":{"start":{"line":2,"column":0},"end":{"line":2,"column":28}},"2":{"start":{"line":3,"column":0},"end":{"line":3,"column":33}},"3":{"start":{"line":6,"column":7},"end":{"line":166,"column":null}},"4":{"start":{"line":7,"column":58},"end":{"line":7,"column":64}},"5":{"start":{"line":11,"column":25},"end":{"line":13,"column":21}},"6":{"start":{"line":14,"column":4},"end":{"line":14,"column":22}},"7":{"start":{"line":18,"column":4},"end":{"line":18,"column":72}},"8":{"start":{"line":22,"column":25},"end":{"line":22,"column":76}},"9":{"start":{"line":23,"column":4},"end":{"line":23,"column":80}},"10":{"start":{"line":23,"column":28},"end":{"line":23,"column":80}},"11":{"start":{"line":24,"column":4},"end":{"line":24,"column":29}},"12":{"start":{"line":29,"column":25},"end":{"line":31,"column":21}},"13":{"start":{"line":32,"column":4},"end":{"line":32,"column":22}},"14":{"start":{"line":36,"column":25},"end":{"line":39,"column":21}},"15":{"start":{"line":40,"column":4},"end":{"line":40,"column":73}},"16":{"start":{"line":40,"column":21},"end":{"line":40,"column":73}},"17":{"start":{"line":41,"column":4},"end":{"line":41,"column":22}},"18":{"start":{"line":45,"column":25},"end":{"line":45,"column":75}},"19":{"start":{"line":46,"column":4},"end":{"line":46,"column":80}},"20":{"start":{"line":46,"column":28},"end":{"line":46,"column":80}},"21":{"start":{"line":47,"column":4},"end":{"line":47,"column":29}},"22":{"start":{"line":51,"column":4},"end":{"line":54,"column":42}},"23":{"start":{"line":59,"column":20},"end":{"line":61,"column":21}},"24":{"start":{"line":62,"column":4},"end":{"line":62,"column":17}},"25":{"start":{"line":66,"column":20},"end":{"line":69,"column":21}},"26":{"start":{"line":70,"column":4},"end":{"line":70,"column":63}},"27":{"start":{"line":70,"column":16},"end":{"line":70,"column":63}},"28":{"start":{"line":71,"column":4},"end":{"line":71,"column":17}},"29":{"start":{"line":75,"column":25},"end":{"line":75,"column":70}},"30":{"start":{"line":76,"column":4},"end":{"line":76,"column":75}},"31":{"start":{"line":76,"column":28},"end":{"line":76,"column":75}},"32":{"start":{"line":77,"column":4},"end":{"line":77,"column":29}},"33":{"start":{"line":81,"column":4},"end":{"line":85,"column":37}},"34":{"start":{"line":90,"column":27},"end":{"line":90,"column":63}},"35":{"start":{"line":91,"column":19},"end":{"line":96,"column":53}},"36":{"start":{"line":97,"column":4},"end":{"line":97,"column":16}},"37":{"start":{"line":101,"column":4},"end":{"line":104,"column":186}},"38":{"start":{"line":108,"column":25},"end":{"line":108,"column":69}},"39":{"start":{"line":109,"column":4},"end":{"line":109,"column":74}},"40":{"start":{"line":109,"column":28},"end":{"line":109,"column":74}},"41":{"start":{"line":110,"column":4},"end":{"line":110,"column":29}},"42":{"start":{"line":115,"column":4},"end":{"line":119,"column":43}},"43":{"start":{"line":123,"column":25},"end":{"line":123,"column":69}},"44":{"start":{"line":124,"column":4},"end":{"line":124,"column":74}},"45":{"start":{"line":124,"column":28},"end":{"line":124,"column":74}},"46":{"start":{"line":125,"column":4},"end":{"line":125,"column":29}},"47":{"start":{"line":130,"column":4},"end":{"line":134,"column":46}},"48":{"start":{"line":138,"column":25},"end":{"line":138,"column":72}},"49":{"start":{"line":139,"column":4},"end":{"line":139,"column":77}},"50":{"start":{"line":139,"column":28},"end":{"line":139,"column":77}},"51":{"start":{"line":140,"column":4},"end":{"line":140,"column":29}},"52":{"start":{"line":145,"column":4},"end":{"line":149,"column":52}},"53":{"start":{"line":153,"column":20},"end":{"line":156,"column":21}},"54":{"start":{"line":157,"column":4},"end":{"line":157,"column":63}},"55":{"start":{"line":157,"column":16},"end":{"line":157,"column":63}},"56":{"start":{"line":158,"column":4},"end":{"line":158,"column":17}},"57":{"start":{"line":162,"column":25},"end":{"line":162,"column":79}},"58":{"start":{"line":163,"column":4},"end":{"line":163,"column":75}},"59":{"start":{"line":163,"column":28},"end":{"line":163,"column":75}},"60":{"start":{"line":164,"column":4},"end":{"line":164,"column":29}},"61":{"start":{"line":6,"column":13},"end":{"line":6,"column":23}},"62":{"start":{"line":6,"column":13},"end":{"line":166,"column":null}}},"fnMap":{"0":{"name":"(anonymous_13)","decl":{"start":{"line":7,"column":2},"end":{"line":7,"column":15}},"loc":{"start":{"line":7,"column":68},"end":{"line":7,"column":72}}},"1":{"name":"(anonymous_14)","decl":{"start":{"line":10,"column":2},"end":{"line":10,"column":7}},"loc":{"start":{"line":10,"column":69},"end":{"line":15,"column":3}}},"2":{"name":"(anonymous_15)","decl":{"start":{"line":17,"column":2},"end":{"line":17,"column":7}},"loc":{"start":{"line":17,"column":26},"end":{"line":19,"column":3}}},"3":{"name":"(anonymous_16)","decl":{"start":{"line":21,"column":2},"end":{"line":21,"column":7}},"loc":{"start":{"line":21,"column":35},"end":{"line":25,"column":3}}},"4":{"name":"(anonymous_17)","decl":{"start":{"line":28,"column":2},"end":{"line":28,"column":7}},"loc":{"start":{"line":28,"column":92},"end":{"line":33,"column":3}}},"5":{"name":"(anonymous_18)","decl":{"start":{"line":35,"column":2},"end":{"line":35,"column":7}},"loc":{"start":{"line":35,"column":106},"end":{"line":42,"column":3}}},"6":{"name":"(anonymous_19)","decl":{"start":{"line":44,"column":2},"end":{"line":44,"column":7}},"loc":{"start":{"line":44,"column":35},"end":{"line":48,"column":3}}},"7":{"name":"(anonymous_20)","decl":{"start":{"line":50,"column":2},"end":{"line":50,"column":7}},"loc":{"start":{"line":50,"column":25},"end":{"line":55,"column":3}}},"8":{"name":"(anonymous_21)","decl":{"start":{"line":58,"column":2},"end":{"line":58,"column":7}},"loc":{"start":{"line":58,"column":110},"end":{"line":63,"column":3}}},"9":{"name":"(anonymous_22)","decl":{"start":{"line":65,"column":2},"end":{"line":65,"column":7}},"loc":{"start":{"line":65,"column":125},"end":{"line":72,"column":3}}},"10":{"name":"(anonymous_23)","decl":{"start":{"line":74,"column":2},"end":{"line":74,"column":7}},"loc":{"start":{"line":74,"column":30},"end":{"line":78,"column":3}}},"11":{"name":"(anonymous_24)","decl":{"start":{"line":80,"column":2},"end":{"line":80,"column":7}},"loc":{"start":{"line":80,"column":20},"end":{"line":86,"column":3}}},"12":{"name":"(anonymous_25)","decl":{"start":{"line":89,"column":2},"end":{"line":89,"column":7}},"loc":{"start":{"line":89,"column":154},"end":{"line":98,"column":3}}},"13":{"name":"(anonymous_26)","decl":{"start":{"line":100,"column":2},"end":{"line":100,"column":7}},"loc":{"start":{"line":100,"column":19},"end":{"line":105,"column":3}}},"14":{"name":"(anonymous_27)","decl":{"start":{"line":107,"column":2},"end":{"line":107,"column":7}},"loc":{"start":{"line":107,"column":29},"end":{"line":111,"column":3}}},"15":{"name":"(anonymous_28)","decl":{"start":{"line":114,"column":2},"end":{"line":114,"column":7}},"loc":{"start":{"line":114,"column":19},"end":{"line":120,"column":3}}},"16":{"name":"(anonymous_29)","decl":{"start":{"line":122,"column":2},"end":{"line":122,"column":7}},"loc":{"start":{"line":122,"column":29},"end":{"line":126,"column":3}}},"17":{"name":"(anonymous_30)","decl":{"start":{"line":129,"column":2},"end":{"line":129,"column":7}},"loc":{"start":{"line":129,"column":22},"end":{"line":135,"column":3}}},"18":{"name":"(anonymous_31)","decl":{"start":{"line":137,"column":2},"end":{"line":137,"column":7}},"loc":{"start":{"line":137,"column":32},"end":{"line":141,"column":3}}},"19":{"name":"(anonymous_32)","decl":{"start":{"line":144,"column":2},"end":{"line":144,"column":7}},"loc":{"start":{"line":144,"column":20},"end":{"line":150,"column":3}}},"20":{"name":"(anonymous_33)","decl":{"start":{"line":152,"column":2},"end":{"line":152,"column":7}},"loc":{"start":{"line":152,"column":31},"end":{"line":159,"column":3}}},"21":{"name":"(anonymous_34)","decl":{"start":{"line":161,"column":2},"end":{"line":161,"column":7}},"loc":{"start":{"line":161,"column":30},"end":{"line":165,"column":3}}}},"branchMap":{"0":{"loc":{"start":{"line":23,"column":4},"end":{"line":23,"column":80}},"type":"if","locations":[{"start":{"line":23,"column":4},"end":{"line":23,"column":80}},{"start":{},"end":{}}]},"1":{"loc":{"start":{"line":40,"column":4},"end":{"line":40,"column":73}},"type":"if","locations":[{"start":{"line":40,"column":4},"end":{"line":40,"column":73}},{"start":{},"end":{}}]},"2":{"loc":{"start":{"line":46,"column":4},"end":{"line":46,"column":80}},"type":"if","locations":[{"start":{"line":46,"column":4},"end":{"line":46,"column":80}},{"start":{},"end":{}}]},"3":{"loc":{"start":{"line":70,"column":4},"end":{"line":70,"column":63}},"type":"if","locations":[{"start":{"line":70,"column":4},"end":{"line":70,"column":63}},{"start":{},"end":{}}]},"4":{"loc":{"start":{"line":76,"column":4},"end":{"line":76,"column":75}},"type":"if","locations":[{"start":{"line":76,"column":4},"end":{"line":76,"column":75}},{"start":{},"end":{}}]},"5":{"loc":{"start":{"line":109,"column":4},"end":{"line":109,"column":74}},"type":"if","locations":[{"start":{"line":109,"column":4},"end":{"line":109,"column":74}},{"start":{},"end":{}}]},"6":{"loc":{"start":{"line":124,"column":4},"end":{"line":124,"column":74}},"type":"if","locations":[{"start":{"line":124,"column":4},"end":{"line":124,"column":74}},{"start":{},"end":{}}]},"7":{"loc":{"start":{"line":139,"column":4},"end":{"line":139,"column":77}},"type":"if","locations":[{"start":{"line":139,"column":4},"end":{"line":139,"column":77}},{"start":{},"end":{}}]},"8":{"loc":{"start":{"line":157,"column":4},"end":{"line":157,"column":63}},"type":"if","locations":[{"start":{"line":157,"column":4},"end":{"line":157,"column":63}},{"start":{},"end":{}}]},"9":{"loc":{"start":{"line":163,"column":4},"end":{"line":163,"column":75}},"type":"if","locations":[{"start":{"line":163,"column":4},"end":{"line":163,"column":75}},{"start":{},"end":{}}]},"10":{"loc":{"start":{"line":7,"column":64},"end":{"line":7,"column":71}},"type":"cond-expr","locations":[{"start":{"line":7,"column":68},"end":{"line":7,"column":71}},{"start":{"line":7,"column":68},"end":{"line":7,"column":71}}]},"11":{"loc":{"start":{"line":7,"column":64},"end":{"line":7,"column":68}},"type":"binary-expr","locations":[{"start":{"line":7,"column":64},"end":{"line":7,"column":71}},{"start":{"line":7,"column":64},"end":{"line":7,"column":68}}]}},"s":{"0":2,"1":2,"2":2,"3":2,"4":7,"5":0,"6":0,"7":0,"8":0,"9":0,"10":0,"11":0,"12":1,"13":1,"14":1,"15":1,"16":0,"17":1,"18":0,"19":0,"20":0,"21":0,"22":1,"23":0,"24":0,"25":0,"26":0,"27":0,"28":0,"29":0,"30":0,"31":0,"32":0,"33":1,"34":0,"35":0,"36":0,"37":1,"38":0,"39":0,"40":0,"41":0,"42":0,"43":0,"44":0,"45":0,"46":0,"47":0,"48":0,"49":0,"50":0,"51":0,"52":0,"53":0,"54":0,"55":0,"56":0,"57":0,"58":0,"59":0,"60":0,"61":2,"62":2},"f":{"0":7,"1":0,"2":0,"3":0,"4":1,"5":1,"6":0,"7":1,"8":0,"9":0,"10":0,"11":1,"12":0,"13":1,"14":0,"15":0,"16":0,"17":0,"18":0,"19":0,"20":0,"21":0},"b":{"0":[0,0],"1":[0,1],"2":[0,0],"3":[0,0],"4":[0,0],"5":[0,0],"6":[0,0],"7":[0,0],"8":[0,0],"9":[0,0],"10":[0,2],"11":[2,0]}}
,"/run/media/caedes/08b909b4-52c4-4c99-acd1-0e6e6a3ce2c0/local_code/hackathon/backend/apps/cms/src/main.ts": {"path":"/run/media/caedes/08b909b4-52c4-4c99-acd1-0e6e6a3ce2c0/local_code/hackathon/backend/apps/cms/src/main.ts","statementMap":{"0":{"start":{"line":1,"column":0},"end":{"line":1,"column":43}},"1":{"start":{"line":2,"column":0},"end":{"line":2,"column":41}},"2":{"start":{"line":3,"column":0},"end":{"line":3,"column":65}},"3":{"start":{"line":5,"column":0},"end":{"line":5,"column":28}},"4":{"start":{"line":7,"column":16},"end":{"line":7,"column":42}},"5":{"start":{"line":10,"column":14},"end":{"line":10,"column":73}},"6":{"start":{"line":13,"column":2},"end":{"line":13,"column":75}},"7":{"start":{"line":14,"column":2},"end":{"line":14,"column":27}},"8":{"start":{"line":17,"column":2},"end":{"line":19,"column":5}},"9":{"start":{"line":22,"column":2},"end":{"line":29,"column":4}},"10":{"start":{"line":32,"column":17},"end":{"line":36,"column":12}},"11":{"start":{"line":37,"column":19},"end":{"line":37,"column":60}},"12":{"start":{"line":38,"column":2},"end":{"line":38,"column":45}},"13":{"start":{"line":40,"column":15},"end":{"line":40,"column":39}},"14":{"start":{"line":41,"column":2},"end":{"line":41,"column":25}},"15":{"start":{"line":42,"column":2},"end":{"line":42,"column":61}},"16":{"start":{"line":43,"column":2},"end":{"line":43,"column":65}},"17":{"start":{"line":44,"column":2},"end":{"line":44,"column":64}},"18":{"start":{"line":46,"column":0},"end":{"line":46,"column":12}}},"fnMap":{"0":{"name":"bootstrap","decl":{"start":{"line":9,"column":15},"end":{"line":9,"column":24}},"loc":{"start":{"line":9,"column":24},"end":{"line":45,"column":1}}}},"branchMap":{"0":{"loc":{"start":{"line":40,"column":15},"end":{"line":40,"column":39}},"type":"binary-expr","locations":[{"start":{"line":40,"column":15},"end":{"line":40,"column":31}},{"start":{"line":40,"column":35},"end":{"line":40,"column":39}}]}},"s":{"0":0,"1":0,"2":0,"3":0,"4":0,"5":0,"6":0,"7":0,"8":0,"9":0,"10":0,"11":0,"12":0,"13":0,"14":0,"15":0,"16":0,"17":0,"18":0},"f":{"0":0},"b":{"0":[0,0]}}
,"/run/media/caedes/08b909b4-52c4-4c99-acd1-0e6e6a3ce2c0/local_code/hackathon/backend/apps/cms/test/app.e2e-spec.ts": {"path":"/run/media/caedes/08b909b4-52c4-4c99-acd1-0e6e6a3ce2c0/local_code/hackathon/backend/apps/cms/test/app.e2e-spec.ts","statementMap":{"0":{"start":{"line":1,"column":0},"end":{"line":1,"column":54}},"1":{"start":{"line":3,"column":0},"end":{"line":3,"column":37}},"2":{"start":{"line":4,"column":0},"end":{"line":4,"column":48}},"3":{"start":{"line":6,"column":0},"end":{"line":24,"column":3}},"4":{"start":{"line":9,"column":2},"end":{"line":16,"column":5}},"5":{"start":{"line":10,"column":41},"end":{"line":12,"column":16}},"6":{"start":{"line":14,"column":4},"end":{"line":14,"column":48}},"7":{"start":{"line":15,"column":4},"end":{"line":15,"column":21}},"8":{"start":{"line":18,"column":2},"end":{"line":23,"column":5}},"9":{"start":{"line":19,"column":4},"end":{"line":22,"column":30}}},"fnMap":{"0":{"name":"(anonymous_9)","decl":{"start":{"line":6,"column":32},"end":{"line":6,"column":35}},"loc":{"start":{"line":6,"column":37},"end":{"line":24,"column":1}}},"1":{"name":"(anonymous_10)","decl":{"start":{"line":9,"column":13},"end":{"line":9,"column":18}},"loc":{"start":{"line":9,"column":24},"end":{"line":16,"column":3}}},"2":{"name":"(anonymous_11)","decl":{"start":{"line":18,"column":16},"end":{"line":18,"column":19}},"loc":{"start":{"line":18,"column":21},"end":{"line":23,"column":3}}}},"branchMap":{},"s":{"0":0,"1":0,"2":0,"3":0,"4":0,"5":0,"6":0,"7":0,"8":0,"9":0},"f":{"0":0,"1":0,"2":0},"b":{}}
,"/run/media/caedes/08b909b4-52c4-4c99-acd1-0e6e6a3ce2c0/local_code/hackathon/backend/libs/database/src/database.module.ts": {"path":"/run/media/caedes/08b909b4-52c4-4c99-acd1-0e6e6a3ce2c0/local_code/hackathon/backend/libs/database/src/database.module.ts","statementMap":{"0":{"start":{"line":1,"column":0},"end":{"line":1,"column":48}},"1":{"start":{"line":2,"column":0},"end":{"line":2,"column":61}},"2":{"start":{"line":3,"column":0},"end":{"line":3,"column":34}},"3":{"start":{"line":28,"column":7},"end":{"line":28,"column":null}},"4":{"start":{"line":28,"column":13},"end":{"line":28,"column":27}},"5":{"start":{"line":28,"column":13},"end":{"line":28,"column":null}},"6":{"start":{"line":12,"column":8},"end":{"line":21,"column":11}}},"fnMap":{"0":{"name":"(anonymous_2)","decl":{"start":{"line":11,"column":18},"end":{"line":11,"column":19}},"loc":{"start":{"line":11,"column":57},"end":{"line":22,"column":7}}}},"branchMap":{},"s":{"0":0,"1":0,"2":0,"3":0,"4":0,"5":0,"6":0},"f":{"0":0},"b":{}}
,"/run/media/caedes/08b909b4-52c4-4c99-acd1-0e6e6a3ce2c0/local_code/hackathon/backend/libs/database/src/index.ts": {"path":"/run/media/caedes/08b909b4-52c4-4c99-acd1-0e6e6a3ce2c0/local_code/hackathon/backend/libs/database/src/index.ts","statementMap":{"0":{"start":{"line":1,"column":0},"end":{"line":1,"column":34}}},"fnMap":{},"branchMap":{},"s":{"0":0},"f":{},"b":{}}
}
